{"contracts/Diamond.sol":{"l":{"16":3,"19":3,"20":3,"21":3,"22":3,"27":3,"33":39,"34":39,"36":39,"40":39,"41":39,"43":39},"path":"/home/shiva/playground/v3/diamond-nft-game/backend/contracts/Diamond.sol","s":{"1":3,"2":3,"3":3,"4":3,"5":3,"6":3,"7":39,"8":39,"9":39,"10":39},"b":{"1":[39,0]},"f":{"1":3,"2":39},"fnMap":{"1":{"name":"constructor","line":15,"loc":{"start":{"line":15,"column":4},"end":{"line":28,"column":4}}},"2":{"name":null,"line":32,"loc":{"start":{"line":32,"column":4},"end":{"line":59,"column":4}}}},"statementMap":{"1":{"start":{"line":16,"column":8},"end":{"line":16,"column":50}},"2":{"start":{"line":19,"column":8},"end":{"line":19,"column":73}},"3":{"start":{"line":20,"column":8},"end":{"line":20,"column":59}},"4":{"start":{"line":21,"column":8},"end":{"line":21,"column":61}},"5":{"start":{"line":22,"column":8},"end":{"line":22,"column":965}},"6":{"start":{"line":27,"column":8},"end":{"line":27,"column":49}},"7":{"start":{"line":33,"column":8},"end":{"line":33,"column":44}},"8":{"start":{"line":34,"column":8},"end":{"line":34,"column":62}},"9":{"start":{"line":40,"column":8},"end":{"line":40,"column":80}},"10":{"start":{"line":41,"column":8},"end":{"line":41,"column":71}}},"branchMap":{"1":{"line":41,"type":"if","locations":[{"start":{"line":41,"column":8},"end":{"line":41,"column":8}},{"start":{"line":41,"column":8},"end":{"line":41,"column":8}}]}}},"contracts/facets/DiamondCutFacet.sol":{"l":{"24":2,"25":2},"path":"/home/shiva/playground/v3/diamond-nft-game/backend/contracts/facets/DiamondCutFacet.sol","s":{"1":2,"2":2},"b":{},"f":{"1":2},"fnMap":{"1":{"name":"diamondCut","line":19,"loc":{"start":{"line":19,"column":4},"end":{"line":26,"column":4}}}},"statementMap":{"1":{"start":{"line":24,"column":8},"end":{"line":24,"column":42}},"2":{"start":{"line":25,"column":8},"end":{"line":25,"column":59}}},"branchMap":{}},"contracts/facets/DiamondLoupeFacet.sol":{"l":{"24":0,"25":0,"27":0,"29":0,"31":0,"33":0,"34":0,"35":0,"36":0,"38":0,"39":0,"40":0,"42":0,"43":0,"44":0,"45":0,"49":0,"50":0,"51":0,"54":0,"55":0,"56":0,"57":0,"58":0,"60":0,"61":0,"62":0,"64":0,"69":0,"78":4,"79":4,"80":4,"81":4,"83":4,"84":55,"85":55,"86":55,"87":31,"88":31,"92":4,"100":1,"101":1,"103":1,"104":1,"106":1,"107":8,"108":8,"109":8,"111":8,"112":14,"113":5,"114":5,"118":8,"119":5,"120":5,"123":3,"124":3,"127":1,"137":4,"138":4,"143":0,"144":0},"path":"/home/shiva/playground/v3/diamond-nft-game/backend/contracts/facets/DiamondLoupeFacet.sol","s":{"1":0,"2":0,"3":0,"4":0,"5":0,"6":0,"7":0,"8":0,"9":0,"10":0,"11":0,"12":0,"13":0,"14":0,"15":0,"16":0,"17":0,"18":0,"19":0,"20":0,"21":0,"22":0,"23":0,"24":4,"25":4,"26":4,"27":4,"28":4,"29":55,"30":55,"31":55,"32":31,"33":1,"34":1,"35":1,"36":1,"37":1,"38":8,"39":8,"40":8,"41":8,"42":14,"43":5,"44":8,"45":5,"46":3,"47":4,"48":4,"49":0,"50":0},"b":{"1":[0,0],"2":[0,0],"3":[0,0],"4":[31,24],"5":[5,9],"6":[5,3]},"f":{"1":0,"2":4,"3":1,"4":4,"5":0},"fnMap":{"1":{"name":"facets","line":23,"loc":{"start":{"line":23,"column":4},"end":{"line":72,"column":4}}},"2":{"name":"facetFunctionSelectors","line":77,"loc":{"start":{"line":77,"column":4},"end":{"line":95,"column":4}}},"3":{"name":"facetAddresses","line":99,"loc":{"start":{"line":99,"column":4},"end":{"line":130,"column":4}}},"4":{"name":"facetAddress","line":136,"loc":{"start":{"line":136,"column":4},"end":{"line":139,"column":4}}},"5":{"name":"supportsInterface","line":142,"loc":{"start":{"line":142,"column":4},"end":{"line":145,"column":4}}}},"statementMap":{"1":{"start":{"line":24,"column":8},"end":{"line":24,"column":74}},"2":{"start":{"line":25,"column":8},"end":{"line":25,"column":51}},"3":{"start":{"line":27,"column":8},"end":{"line":27,"column":43}},"4":{"start":{"line":29,"column":8},"end":{"line":29,"column":69}},"5":{"start":{"line":31,"column":8},"end":{"line":31,"column":25}},"6":{"start":{"line":33,"column":8},"end":{"line":33,"column":1548}},"7":{"start":{"line":34,"column":12},"end":{"line":34,"column":57}},"8":{"start":{"line":35,"column":12},"end":{"line":35,"column":93}},"9":{"start":{"line":36,"column":12},"end":{"line":36,"column":37}},"10":{"start":{"line":38,"column":12},"end":{"line":38,"column":1919}},"11":{"start":{"line":39,"column":16},"end":{"line":39,"column":2004}},"12":{"start":{"line":40,"column":20},"end":{"line":40,"column":98}},"13":{"start":{"line":42,"column":20},"end":{"line":42,"column":63}},"14":{"start":{"line":44,"column":20},"end":{"line":44,"column":38}},"15":{"start":{"line":49,"column":12},"end":{"line":49,"column":2566}},"16":{"start":{"line":50,"column":16},"end":{"line":50,"column":35}},"17":{"start":{"line":54,"column":12},"end":{"line":54,"column":58}},"18":{"start":{"line":55,"column":12},"end":{"line":55,"column":77}},"19":{"start":{"line":56,"column":12},"end":{"line":56,"column":61}},"20":{"start":{"line":57,"column":12},"end":{"line":57,"column":43}},"21":{"start":{"line":60,"column":8},"end":{"line":60,"column":3019}},"22":{"start":{"line":61,"column":12},"end":{"line":61,"column":64}},"23":{"start":{"line":62,"column":12},"end":{"line":62,"column":77}},"24":{"start":{"line":78,"column":8},"end":{"line":78,"column":74}},"25":{"start":{"line":79,"column":8},"end":{"line":79,"column":51}},"26":{"start":{"line":80,"column":8},"end":{"line":80,"column":28}},"27":{"start":{"line":81,"column":8},"end":{"line":81,"column":60}},"28":{"start":{"line":83,"column":8},"end":{"line":83,"column":4093}},"29":{"start":{"line":84,"column":12},"end":{"line":84,"column":57}},"30":{"start":{"line":85,"column":12},"end":{"line":85,"column":93}},"31":{"start":{"line":86,"column":12},"end":{"line":86,"column":4341}},"32":{"start":{"line":87,"column":16},"end":{"line":87,"column":63}},"33":{"start":{"line":100,"column":8},"end":{"line":100,"column":74}},"34":{"start":{"line":101,"column":8},"end":{"line":101,"column":51}},"35":{"start":{"line":103,"column":8},"end":{"line":103,"column":53}},"36":{"start":{"line":104,"column":8},"end":{"line":104,"column":25}},"37":{"start":{"line":106,"column":8},"end":{"line":106,"column":5152}},"38":{"start":{"line":107,"column":12},"end":{"line":107,"column":57}},"39":{"start":{"line":108,"column":12},"end":{"line":108,"column":93}},"40":{"start":{"line":109,"column":12},"end":{"line":109,"column":37}},"41":{"start":{"line":111,"column":12},"end":{"line":111,"column":5532}},"42":{"start":{"line":112,"column":16},"end":{"line":112,"column":5617}},"43":{"start":{"line":113,"column":20},"end":{"line":113,"column":38}},"44":{"start":{"line":118,"column":12},"end":{"line":118,"column":5837}},"45":{"start":{"line":119,"column":16},"end":{"line":119,"column":35}},"46":{"start":{"line":123,"column":12},"end":{"line":123,"column":53}},"47":{"start":{"line":137,"column":8},"end":{"line":137,"column":74}},"48":{"start":{"line":138,"column":8},"end":{"line":138,"column":89}},"49":{"start":{"line":143,"column":8},"end":{"line":143,"column":74}},"50":{"start":{"line":144,"column":8},"end":{"line":144,"column":51}}},"branchMap":{"1":{"line":39,"type":"if","locations":[{"start":{"line":39,"column":16},"end":{"line":39,"column":16}},{"start":{"line":39,"column":16},"end":{"line":39,"column":16}}]},"2":{"line":42,"type":"if","locations":[{"start":{"line":42,"column":20},"end":{"line":42,"column":20}},{"start":{"line":42,"column":20},"end":{"line":42,"column":20}}]},"3":{"line":49,"type":"if","locations":[{"start":{"line":49,"column":12},"end":{"line":49,"column":12}},{"start":{"line":49,"column":12},"end":{"line":49,"column":12}}]},"4":{"line":86,"type":"if","locations":[{"start":{"line":86,"column":12},"end":{"line":86,"column":12}},{"start":{"line":86,"column":12},"end":{"line":86,"column":12}}]},"5":{"line":112,"type":"if","locations":[{"start":{"line":112,"column":16},"end":{"line":112,"column":16}},{"start":{"line":112,"column":16},"end":{"line":112,"column":16}}]},"6":{"line":118,"type":"if","locations":[{"start":{"line":118,"column":12},"end":{"line":118,"column":12}},{"start":{"line":118,"column":12},"end":{"line":118,"column":12}}]}}},"contracts/facets/DynamicGameFacet.sol":{"l":{"38":2,"39":1,"49":6,"50":4,"52":4,"54":4,"65":4,"67":4,"68":4,"70":4,"72":4,"84":1,"86":1,"87":1,"88":1,"92":1,"109":1,"113":1,"123":3,"124":3,"125":3,"126":3,"128":3,"134":2,"140":2,"141":0,"143":2,"147":2,"148":0,"150":2,"154":2,"155":2,"156":2,"169":2,"172":2,"173":1,"176":1,"177":1,"187":3,"196":1,"206":2,"207":1,"208":1,"217":1,"226":2,"235":1},"path":"/home/shiva/playground/v3/diamond-nft-game/backend/contracts/facets/DynamicGameFacet.sol","s":{"1":2,"2":1,"3":6,"4":4,"5":4,"6":4,"7":4,"8":4,"9":4,"10":4,"11":4,"12":1,"13":1,"14":1,"15":1,"16":1,"17":1,"18":1,"19":3,"20":3,"21":3,"22":3,"23":3,"24":2,"25":2,"26":0,"27":2,"28":2,"29":0,"30":2,"31":2,"32":2,"33":2,"34":2,"35":2,"36":1,"37":1,"38":1,"39":3,"40":1,"41":2,"42":1,"43":1,"44":1,"45":2,"46":1},"b":{"1":[4,2],"2":[2,1],"3":[2,0],"4":[0,2],"5":[0,2],"6":[1,1],"7":[1,0]},"f":{"1":2,"2":6,"3":1,"4":3,"5":2,"6":3,"7":1,"8":2,"9":1,"10":2,"11":1},"fnMap":{"1":{"name":"updateFee","line":36,"loc":{"start":{"line":36,"column":4},"end":{"line":41,"column":4}}},"2":{"name":"mintCharacterNFT","line":48,"loc":{"start":{"line":48,"column":2},"end":{"line":74,"column":2}}},"3":{"name":"tokenURI","line":82,"loc":{"start":{"line":82,"column":2},"end":{"line":114,"column":2}}},"4":{"name":"attackBoss","line":121,"loc":{"start":{"line":121,"column":2},"end":{"line":157,"column":2}}},"5":{"name":"checkIfUserHasNFT","line":166,"loc":{"start":{"line":166,"column":2},"end":{"line":180,"column":2}}},"6":{"name":"getBigBoss","line":185,"loc":{"start":{"line":185,"column":2},"end":{"line":189,"column":2}}},"7":{"name":"getAllDefaultCharacters","line":194,"loc":{"start":{"line":194,"column":2},"end":{"line":198,"column":2}}},"8":{"name":"withdraw","line":204,"loc":{"start":{"line":204,"column":2},"end":{"line":210,"column":2}}},"9":{"name":"nftHolders","line":215,"loc":{"start":{"line":215,"column":2},"end":{"line":219,"column":2}}},"10":{"name":"nftHolderAttributes","line":224,"loc":{"start":{"line":224,"column":2},"end":{"line":228,"column":2}}},"11":{"name":"totalTokens","line":233,"loc":{"start":{"line":233,"column":2},"end":{"line":237,"column":2}}}},"statementMap":{"1":{"start":{"line":38,"column":8},"end":{"line":38,"column":42}},"2":{"start":{"line":39,"column":8},"end":{"line":39,"column":19}},"3":{"start":{"line":49,"column":4},"end":{"line":49,"column":30}},"4":{"start":{"line":50,"column":4},"end":{"line":50,"column":35}},"5":{"start":{"line":52,"column":4},"end":{"line":52,"column":35}},"6":{"start":{"line":54,"column":4},"end":{"line":54,"column":1969}},"7":{"start":{"line":65,"column":4},"end":{"line":65,"column":92}},"8":{"start":{"line":67,"column":4},"end":{"line":67,"column":39}},"9":{"start":{"line":68,"column":4},"end":{"line":68,"column":28}},"10":{"start":{"line":70,"column":4},"end":{"line":70,"column":19}},"11":{"start":{"line":72,"column":4},"end":{"line":72,"column":67}},"12":{"start":{"line":84,"column":4},"end":{"line":84,"column":79}},"13":{"start":{"line":86,"column":4},"end":{"line":86,"column":61}},"14":{"start":{"line":87,"column":4},"end":{"line":87,"column":67}},"15":{"start":{"line":88,"column":4},"end":{"line":88,"column":81}},"16":{"start":{"line":92,"column":4},"end":{"line":92,"column":3392}},"17":{"start":{"line":109,"column":4},"end":{"line":109,"column":3949}},"18":{"start":{"line":113,"column":4},"end":{"line":113,"column":17}},"19":{"start":{"line":123,"column":4},"end":{"line":123,"column":57}},"20":{"start":{"line":124,"column":4},"end":{"line":124,"column":82}},"21":{"start":{"line":125,"column":4},"end":{"line":125,"column":124}},"22":{"start":{"line":126,"column":4},"end":{"line":126,"column":99}},"23":{"start":{"line":128,"column":4},"end":{"line":128,"column":4876}},"24":{"start":{"line":134,"column":4},"end":{"line":134,"column":5019}},"25":{"start":{"line":140,"column":4},"end":{"line":140,"column":5150}},"26":{"start":{"line":141,"column":6},"end":{"line":141,"column":21}},"27":{"start":{"line":143,"column":6},"end":{"line":143,"column":54}},"28":{"start":{"line":147,"column":4},"end":{"line":147,"column":5333}},"29":{"start":{"line":148,"column":6},"end":{"line":148,"column":18}},"30":{"start":{"line":150,"column":6},"end":{"line":150,"column":51}},"31":{"start":{"line":154,"column":4},"end":{"line":154,"column":76}},"32":{"start":{"line":155,"column":4},"end":{"line":155,"column":84}},"33":{"start":{"line":156,"column":4},"end":{"line":156,"column":48}},"34":{"start":{"line":169,"column":4},"end":{"line":169,"column":57}},"35":{"start":{"line":172,"column":4},"end":{"line":172,"column":6367}},"36":{"start":{"line":173,"column":6},"end":{"line":173,"column":54}},"37":{"start":{"line":176,"column":6},"end":{"line":176,"column":44}},"38":{"start":{"line":177,"column":6},"end":{"line":177,"column":24}},"39":{"start":{"line":187,"column":4},"end":{"line":187,"column":20}},"40":{"start":{"line":196,"column":4},"end":{"line":196,"column":30}},"41":{"start":{"line":206,"column":4},"end":{"line":206,"column":38}},"42":{"start":{"line":207,"column":4},"end":{"line":207,"column":72}},"43":{"start":{"line":208,"column":4},"end":{"line":208,"column":39}},"44":{"start":{"line":217,"column":4},"end":{"line":217,"column":40}},"45":{"start":{"line":226,"column":4},"end":{"line":226,"column":52}},"46":{"start":{"line":235,"column":4},"end":{"line":235,"column":22}}},"branchMap":{"1":{"line":49,"type":"if","locations":[{"start":{"line":49,"column":4},"end":{"line":49,"column":4}},{"start":{"line":49,"column":4},"end":{"line":49,"column":4}}]},"2":{"line":128,"type":"if","locations":[{"start":{"line":128,"column":4},"end":{"line":128,"column":4}},{"start":{"line":128,"column":4},"end":{"line":128,"column":4}}]},"3":{"line":134,"type":"if","locations":[{"start":{"line":134,"column":4},"end":{"line":134,"column":4}},{"start":{"line":134,"column":4},"end":{"line":134,"column":4}}]},"4":{"line":140,"type":"if","locations":[{"start":{"line":140,"column":4},"end":{"line":140,"column":4}},{"start":{"line":140,"column":4},"end":{"line":140,"column":4}}]},"5":{"line":147,"type":"if","locations":[{"start":{"line":147,"column":4},"end":{"line":147,"column":4}},{"start":{"line":147,"column":4},"end":{"line":147,"column":4}}]},"6":{"line":172,"type":"if","locations":[{"start":{"line":172,"column":4},"end":{"line":172,"column":4}},{"start":{"line":172,"column":4},"end":{"line":172,"column":4}}]},"7":{"line":208,"type":"if","locations":[{"start":{"line":208,"column":4},"end":{"line":208,"column":4}},{"start":{"line":208,"column":4},"end":{"line":208,"column":4}}]}}},"contracts/facets/OwnershipFacet.sol":{"l":{"9":0,"10":0,"14":0},"path":"/home/shiva/playground/v3/diamond-nft-game/backend/contracts/facets/OwnershipFacet.sol","s":{"1":0,"2":0,"3":0},"b":{},"f":{"1":0,"2":0},"fnMap":{"1":{"name":"transferOwnership","line":8,"loc":{"start":{"line":8,"column":4},"end":{"line":11,"column":4}}},"2":{"name":"owner","line":13,"loc":{"start":{"line":13,"column":4},"end":{"line":15,"column":4}}}},"statementMap":{"1":{"start":{"line":9,"column":8},"end":{"line":9,"column":42}},"2":{"start":{"line":10,"column":8},"end":{"line":10,"column":45}},"3":{"start":{"line":14,"column":8},"end":{"line":14,"column":42}}},"branchMap":{}},"contracts/interfaces/IDiamondCut.sol":{"l":{},"path":"/home/shiva/playground/v3/diamond-nft-game/backend/contracts/interfaces/IDiamondCut.sol","s":{},"b":{},"f":{},"fnMap":{},"statementMap":{},"branchMap":{}},"contracts/interfaces/IDiamondLoupe.sol":{"l":{},"path":"/home/shiva/playground/v3/diamond-nft-game/backend/contracts/interfaces/IDiamondLoupe.sol","s":{},"b":{},"f":{},"fnMap":{},"statementMap":{},"branchMap":{}},"contracts/interfaces/IERC165.sol":{"l":{},"path":"/home/shiva/playground/v3/diamond-nft-game/backend/contracts/interfaces/IERC165.sol","s":{},"b":{},"f":{},"fnMap":{},"statementMap":{},"branchMap":{}},"contracts/interfaces/IERC173.sol":{"l":{},"path":"/home/shiva/playground/v3/diamond-nft-game/backend/contracts/interfaces/IERC173.sol","s":{},"b":{},"f":{},"fnMap":{},"statementMap":{},"branchMap":{}},"contracts/interfaces/IERC721.sol":{"l":{},"path":"/home/shiva/playground/v3/diamond-nft-game/backend/contracts/interfaces/IERC721.sol","s":{},"b":{},"f":{},"fnMap":{},"statementMap":{},"branchMap":{}},"contracts/libraries/Base64.sol":{"l":{"19":1,"20":1,"23":1,"26":1,"28":1,"30":1,"76":1},"path":"/home/shiva/playground/v3/diamond-nft-game/backend/contracts/libraries/Base64.sol","s":{"1":1,"2":1,"3":0,"4":1,"5":1,"6":1,"7":1},"b":{"1":[0,1]},"f":{"1":1},"fnMap":{"1":{"name":"encode","line":18,"loc":{"start":{"line":18,"column":4},"end":{"line":77,"column":4}}}},"statementMap":{"1":{"start":{"line":19,"column":8},"end":{"line":19,"column":33}},"2":{"start":{"line":20,"column":8},"end":{"line":20,"column":31}},"3":{"start":{"line":20,"column":22},"end":{"line":20,"column":31}},"4":{"start":{"line":23,"column":8},"end":{"line":23,"column":48}},"5":{"start":{"line":26,"column":8},"end":{"line":26,"column":56}},"6":{"start":{"line":28,"column":8},"end":{"line":28,"column":34}},"7":{"start":{"line":76,"column":8},"end":{"line":76,"column":29}}},"branchMap":{"1":{"line":20,"type":"if","locations":[{"start":{"line":20,"column":8},"end":{"line":20,"column":8}},{"start":{"line":20,"column":8},"end":{"line":20,"column":8}}]}}},"contracts/libraries/LibAppStorage.sol":{"l":{"84":12,"90":0},"path":"/home/shiva/playground/v3/diamond-nft-game/backend/contracts/libraries/LibAppStorage.sol","s":{"1":0},"b":{},"f":{"1":12,"2":0},"fnMap":{"1":{"name":"diamondStorage","line":83,"loc":{"start":{"line":83,"column":4},"end":{"line":87,"column":4}}},"2":{"name":"abs","line":89,"loc":{"start":{"line":89,"column":4},"end":{"line":91,"column":4}}}},"statementMap":{"1":{"start":{"line":90,"column":8},"end":{"line":90,"column":39}}},"branchMap":{}},"contracts/libraries/LibDiamond.sol":{"l":{"28":26,"29":26,"37":3,"38":3,"39":3,"40":3,"44":0,"48":7,"59":5,"60":6,"61":6,"62":6,"64":0,"66":0,"68":0,"71":5,"72":5,"76":6,"77":6,"78":6,"79":6,"80":6,"81":6,"82":33,"83":33,"84":33,"85":33,"86":33,"87":33,"92":0,"93":0,"94":0,"95":0,"96":0,"97":0,"98":0,"100":0,"101":0,"102":0,"104":0,"109":0,"110":0,"111":0,"112":0,"113":0,"114":0,"115":0,"116":0,"118":0,"120":0,"121":0,"122":0,"123":0,"124":0,"127":0,"128":0,"133":5,"134":4,"136":1,"137":1,"138":1,"140":1,"141":1,"142":0,"144":0,"146":0,"153":7,"154":7,"157":7},"path":"/home/shiva/playground/v3/diamond-nft-game/backend/contracts/libraries/LibDiamond.sol","s":{"1":26,"2":3,"3":3,"4":3,"5":3,"6":0,"7":7,"8":5,"9":6,"10":6,"11":6,"12":0,"13":0,"14":0,"15":0,"16":0,"17":5,"18":5,"19":6,"20":6,"21":6,"22":6,"23":6,"24":6,"25":33,"26":33,"27":33,"28":33,"29":33,"30":0,"31":0,"32":0,"33":0,"34":0,"35":0,"36":0,"37":0,"38":0,"39":0,"40":0,"41":0,"42":0,"43":0,"44":0,"45":0,"46":0,"47":0,"48":0,"49":0,"50":0,"51":0,"52":0,"53":0,"54":0,"55":5,"56":4,"57":1,"58":1,"59":1,"60":1,"61":1,"62":0,"63":0,"64":0,"65":7,"66":7},"b":{"1":[5,2],"2":[6,0],"3":[0,0],"4":[0,0],"5":[6,0],"6":[6,0],"7":[33,0],"8":[0,0],"9":[0,0],"10":[0,0],"11":[0,0],"12":[0,0],"13":[0,0],"14":[0,0],"15":[0,0],"16":[0,0],"17":[0,0],"18":[4,1],"19":[4,0],"20":[1,0],"21":[1,0],"22":[0,1],"23":[0,0],"24":[7,0]},"f":{"1":26,"2":3,"3":0,"4":7,"5":5,"6":6,"7":0,"8":0,"9":5,"10":7},"fnMap":{"1":{"name":"diamondStorage","line":27,"loc":{"start":{"line":27,"column":4},"end":{"line":32,"column":4}}},"2":{"name":"setContractOwner","line":36,"loc":{"start":{"line":36,"column":4},"end":{"line":41,"column":4}}},"3":{"name":"contractOwner","line":43,"loc":{"start":{"line":43,"column":4},"end":{"line":45,"column":4}}},"4":{"name":"enforceIsContractOwner","line":47,"loc":{"start":{"line":47,"column":4},"end":{"line":49,"column":4}}},"5":{"name":"diamondCut","line":54,"loc":{"start":{"line":54,"column":4},"end":{"line":73,"column":4}}},"6":{"name":"addFunctions","line":75,"loc":{"start":{"line":75,"column":4},"end":{"line":89,"column":4}}},"7":{"name":"replaceFunctions","line":91,"loc":{"start":{"line":91,"column":4},"end":{"line":106,"column":4}}},"8":{"name":"removeFunctions","line":108,"loc":{"start":{"line":108,"column":4},"end":{"line":130,"column":4}}},"9":{"name":"initializeDiamondCut","line":132,"loc":{"start":{"line":132,"column":4},"end":{"line":150,"column":4}}},"10":{"name":"enforceHasContractCode","line":152,"loc":{"start":{"line":152,"column":4},"end":{"line":158,"column":4}}}},"statementMap":{"1":{"start":{"line":28,"column":8},"end":{"line":28,"column":51}},"2":{"start":{"line":37,"column":8},"end":{"line":37,"column":52}},"3":{"start":{"line":38,"column":8},"end":{"line":38,"column":48}},"4":{"start":{"line":39,"column":8},"end":{"line":39,"column":35}},"5":{"start":{"line":40,"column":8},"end":{"line":40,"column":59}},"6":{"start":{"line":44,"column":8},"end":{"line":44,"column":54}},"7":{"start":{"line":48,"column":8},"end":{"line":48,"column":98}},"8":{"start":{"line":59,"column":8},"end":{"line":59,"column":2183}},"9":{"start":{"line":60,"column":12},"end":{"line":60,"column":78}},"10":{"start":{"line":61,"column":12},"end":{"line":61,"column":2353}},"11":{"start":{"line":62,"column":16},"end":{"line":62,"column":108}},"12":{"start":{"line":63,"column":19},"end":{"line":63,"column":2531}},"13":{"start":{"line":64,"column":16},"end":{"line":64,"column":112}},"14":{"start":{"line":65,"column":19},"end":{"line":65,"column":2717}},"15":{"start":{"line":66,"column":16},"end":{"line":66,"column":111}},"16":{"start":{"line":68,"column":16},"end":{"line":68,"column":64}},"17":{"start":{"line":71,"column":8},"end":{"line":71,"column":54}},"18":{"start":{"line":72,"column":8},"end":{"line":72,"column":45}},"19":{"start":{"line":76,"column":8},"end":{"line":76,"column":92}},"20":{"start":{"line":77,"column":8},"end":{"line":77,"column":52}},"21":{"start":{"line":78,"column":8},"end":{"line":78,"column":58}},"22":{"start":{"line":79,"column":8},"end":{"line":79,"column":91}},"23":{"start":{"line":80,"column":8},"end":{"line":80,"column":84}},"24":{"start":{"line":81,"column":8},"end":{"line":81,"column":3595}},"25":{"start":{"line":82,"column":12},"end":{"line":82,"column":63}},"26":{"start":{"line":83,"column":12},"end":{"line":83,"column":95}},"27":{"start":{"line":84,"column":12},"end":{"line":84,"column":106}},"28":{"start":{"line":85,"column":12},"end":{"line":85,"column":119}},"29":{"start":{"line":86,"column":12},"end":{"line":86,"column":38}},"30":{"start":{"line":92,"column":8},"end":{"line":92,"column":92}},"31":{"start":{"line":93,"column":8},"end":{"line":93,"column":52}},"32":{"start":{"line":94,"column":8},"end":{"line":94,"column":95}},"33":{"start":{"line":95,"column":8},"end":{"line":95,"column":88}},"34":{"start":{"line":96,"column":8},"end":{"line":96,"column":4611}},"35":{"start":{"line":97,"column":12},"end":{"line":97,"column":63}},"36":{"start":{"line":98,"column":12},"end":{"line":98,"column":95}},"37":{"start":{"line":100,"column":12},"end":{"line":100,"column":103}},"38":{"start":{"line":101,"column":12},"end":{"line":101,"column":112}},"39":{"start":{"line":102,"column":12},"end":{"line":102,"column":109}},"40":{"start":{"line":104,"column":12},"end":{"line":104,"column":84}},"41":{"start":{"line":109,"column":8},"end":{"line":109,"column":92}},"42":{"start":{"line":110,"column":8},"end":{"line":110,"column":52}},"43":{"start":{"line":111,"column":8},"end":{"line":111,"column":51}},"44":{"start":{"line":112,"column":8},"end":{"line":112,"column":101}},"45":{"start":{"line":113,"column":8},"end":{"line":113,"column":5848}},"46":{"start":{"line":114,"column":12},"end":{"line":114,"column":63}},"47":{"start":{"line":115,"column":12},"end":{"line":115,"column":132}},"48":{"start":{"line":116,"column":12},"end":{"line":116,"column":140}},"49":{"start":{"line":118,"column":12},"end":{"line":118,"column":135}},"50":{"start":{"line":121,"column":12},"end":{"line":121,"column":6607}},"51":{"start":{"line":122,"column":16},"end":{"line":122,"column":65}},"52":{"start":{"line":123,"column":16},"end":{"line":123,"column":95}},"53":{"start":{"line":124,"column":16},"end":{"line":124,"column":134}},"54":{"start":{"line":127,"column":12},"end":{"line":127,"column":29}},"55":{"start":{"line":133,"column":8},"end":{"line":133,"column":7237}},"56":{"start":{"line":134,"column":12},"end":{"line":134,"column":105}},"57":{"start":{"line":136,"column":12},"end":{"line":136,"column":105}},"58":{"start":{"line":137,"column":12},"end":{"line":137,"column":7513}},"59":{"start":{"line":138,"column":16},"end":{"line":138,"column":88}},"60":{"start":{"line":140,"column":12},"end":{"line":140,"column":78}},"61":{"start":{"line":141,"column":12},"end":{"line":141,"column":7740}},"62":{"start":{"line":142,"column":16},"end":{"line":142,"column":7776}},"63":{"start":{"line":144,"column":20},"end":{"line":144,"column":40}},"64":{"start":{"line":146,"column":20},"end":{"line":146,"column":67}},"65":{"start":{"line":153,"column":8},"end":{"line":153,"column":28}},"66":{"start":{"line":157,"column":8},"end":{"line":157,"column":47}}},"branchMap":{"1":{"line":48,"type":"if","locations":[{"start":{"line":48,"column":8},"end":{"line":48,"column":8}},{"start":{"line":48,"column":8},"end":{"line":48,"column":8}}]},"2":{"line":61,"type":"if","locations":[{"start":{"line":61,"column":12},"end":{"line":61,"column":12}},{"start":{"line":61,"column":12},"end":{"line":61,"column":12}}]},"3":{"line":63,"type":"if","locations":[{"start":{"line":63,"column":19},"end":{"line":63,"column":19}},{"start":{"line":63,"column":19},"end":{"line":63,"column":19}}]},"4":{"line":65,"type":"if","locations":[{"start":{"line":65,"column":19},"end":{"line":65,"column":19}},{"start":{"line":65,"column":19},"end":{"line":65,"column":19}}]},"5":{"line":76,"type":"if","locations":[{"start":{"line":76,"column":8},"end":{"line":76,"column":8}},{"start":{"line":76,"column":8},"end":{"line":76,"column":8}}]},"6":{"line":79,"type":"if","locations":[{"start":{"line":79,"column":8},"end":{"line":79,"column":8}},{"start":{"line":79,"column":8},"end":{"line":79,"column":8}}]},"7":{"line":84,"type":"if","locations":[{"start":{"line":84,"column":12},"end":{"line":84,"column":12}},{"start":{"line":84,"column":12},"end":{"line":84,"column":12}}]},"8":{"line":92,"type":"if","locations":[{"start":{"line":92,"column":8},"end":{"line":92,"column":8}},{"start":{"line":92,"column":8},"end":{"line":92,"column":8}}]},"9":{"line":94,"type":"if","locations":[{"start":{"line":94,"column":8},"end":{"line":94,"column":8}},{"start":{"line":94,"column":8},"end":{"line":94,"column":8}}]},"10":{"line":100,"type":"if","locations":[{"start":{"line":100,"column":12},"end":{"line":100,"column":12}},{"start":{"line":100,"column":12},"end":{"line":100,"column":12}}]},"11":{"line":101,"type":"if","locations":[{"start":{"line":101,"column":12},"end":{"line":101,"column":12}},{"start":{"line":101,"column":12},"end":{"line":101,"column":12}}]},"12":{"line":102,"type":"if","locations":[{"start":{"line":102,"column":12},"end":{"line":102,"column":12}},{"start":{"line":102,"column":12},"end":{"line":102,"column":12}}]},"13":{"line":109,"type":"if","locations":[{"start":{"line":109,"column":8},"end":{"line":109,"column":8}},{"start":{"line":109,"column":8},"end":{"line":109,"column":8}}]},"14":{"line":112,"type":"if","locations":[{"start":{"line":112,"column":8},"end":{"line":112,"column":8}},{"start":{"line":112,"column":8},"end":{"line":112,"column":8}}]},"15":{"line":116,"type":"if","locations":[{"start":{"line":116,"column":12},"end":{"line":116,"column":12}},{"start":{"line":116,"column":12},"end":{"line":116,"column":12}}]},"16":{"line":118,"type":"if","locations":[{"start":{"line":118,"column":12},"end":{"line":118,"column":12}},{"start":{"line":118,"column":12},"end":{"line":118,"column":12}}]},"17":{"line":121,"type":"if","locations":[{"start":{"line":121,"column":12},"end":{"line":121,"column":12}},{"start":{"line":121,"column":12},"end":{"line":121,"column":12}}]},"18":{"line":133,"type":"if","locations":[{"start":{"line":133,"column":8},"end":{"line":133,"column":8}},{"start":{"line":133,"column":8},"end":{"line":133,"column":8}}]},"19":{"line":134,"type":"if","locations":[{"start":{"line":134,"column":12},"end":{"line":134,"column":12}},{"start":{"line":134,"column":12},"end":{"line":134,"column":12}}]},"20":{"line":136,"type":"if","locations":[{"start":{"line":136,"column":12},"end":{"line":136,"column":12}},{"start":{"line":136,"column":12},"end":{"line":136,"column":12}}]},"21":{"line":137,"type":"if","locations":[{"start":{"line":137,"column":12},"end":{"line":137,"column":12}},{"start":{"line":137,"column":12},"end":{"line":137,"column":12}}]},"22":{"line":141,"type":"if","locations":[{"start":{"line":141,"column":12},"end":{"line":141,"column":12}},{"start":{"line":141,"column":12},"end":{"line":141,"column":12}}]},"23":{"line":142,"type":"if","locations":[{"start":{"line":142,"column":16},"end":{"line":142,"column":16}},{"start":{"line":142,"column":16},"end":{"line":142,"column":16}}]},"24":{"line":157,"type":"if","locations":[{"start":{"line":157,"column":8},"end":{"line":157,"column":8}},{"start":{"line":157,"column":8},"end":{"line":157,"column":8}}]}}},"contracts/libraries/LibERC721.sol":{"l":{"9":0,"10":0,"11":0,"15":4,"16":4,"17":4,"21":4,"22":4,"23":4,"24":4,"28":0,"29":0,"31":0,"33":0,"34":0,"35":0,"36":0,"38":0,"43":0,"44":0,"45":0,"57":0,"59":0,"65":1,"66":1,"72":2,"73":2},"path":"/home/shiva/playground/v3/diamond-nft-game/backend/contracts/libraries/LibERC721.sol","s":{"1":0,"2":0,"3":0,"4":4,"5":4,"6":4,"7":4,"8":4,"9":4,"10":4,"11":0,"12":0,"13":0,"14":0,"15":0,"16":0,"17":0,"18":0,"19":0,"20":0,"21":0,"22":0,"23":0,"24":1,"25":1,"26":2,"27":2},"b":{"1":[0,0],"2":[4,0],"3":[4,0],"4":[0,0],"5":[0,0]},"f":{"1":0,"2":4,"3":4,"4":0,"5":0,"6":1,"7":2},"fnMap":{"1":{"name":"_tokenOfOwnerByIndex","line":8,"loc":{"start":{"line":8,"column":4},"end":{"line":12,"column":4}}},"2":{"name":"_balanceOf","line":14,"loc":{"start":{"line":14,"column":4},"end":{"line":18,"column":4}}},"3":{"name":"_ownerOf","line":20,"loc":{"start":{"line":20,"column":4},"end":{"line":25,"column":4}}},"4":{"name":"_tokensOfOwner","line":27,"loc":{"start":{"line":27,"column":4},"end":{"line":40,"column":4}}},"5":{"name":"isReserved","line":42,"loc":{"start":{"line":42,"column":4},"end":{"line":60,"column":4}}},"6":{"name":"getNFTHolders","line":63,"loc":{"start":{"line":63,"column":4},"end":{"line":68,"column":4}}},"7":{"name":"getNFTHolderAttributes","line":70,"loc":{"start":{"line":70,"column":4},"end":{"line":75,"column":4}}}},"statementMap":{"1":{"start":{"line":9,"column":8},"end":{"line":9,"column":61}},"2":{"start":{"line":10,"column":8},"end":{"line":10,"column":88}},"3":{"start":{"line":11,"column":8},"end":{"line":11,"column":43}},"4":{"start":{"line":15,"column":8},"end":{"line":15,"column":61}},"5":{"start":{"line":16,"column":8},"end":{"line":16,"column":81}},"6":{"start":{"line":17,"column":8},"end":{"line":17,"column":33}},"7":{"start":{"line":21,"column":8},"end":{"line":21,"column":61}},"8":{"start":{"line":22,"column":8},"end":{"line":22,"column":42}},"9":{"start":{"line":23,"column":8},"end":{"line":23,"column":80}},"10":{"start":{"line":24,"column":8},"end":{"line":24,"column":20}},"11":{"start":{"line":28,"column":8},"end":{"line":28,"column":47}},"12":{"start":{"line":29,"column":8},"end":{"line":29,"column":1200}},"13":{"start":{"line":31,"column":12},"end":{"line":31,"column":35}},"14":{"start":{"line":33,"column":12},"end":{"line":33,"column":63}},"15":{"start":{"line":34,"column":12},"end":{"line":34,"column":25}},"16":{"start":{"line":35,"column":12},"end":{"line":35,"column":1422}},"17":{"start":{"line":36,"column":16},"end":{"line":36,"column":66}},"18":{"start":{"line":38,"column":12},"end":{"line":38,"column":25}},"19":{"start":{"line":43,"column":8},"end":{"line":43,"column":39}},"20":{"start":{"line":44,"column":8},"end":{"line":44,"column":43}},"21":{"start":{"line":45,"column":8},"end":{"line":45,"column":1758}},"22":{"start":{"line":57,"column":12},"end":{"line":57,"column":20}},"23":{"start":{"line":59,"column":8},"end":{"line":59,"column":16}},"24":{"start":{"line":65,"column":8},"end":{"line":65,"column":61}},"25":{"start":{"line":66,"column":8},"end":{"line":66,"column":31}},"26":{"start":{"line":72,"column":8},"end":{"line":72,"column":61}},"27":{"start":{"line":73,"column":8},"end":{"line":73,"column":45}}},"branchMap":{"1":{"line":10,"type":"if","locations":[{"start":{"line":10,"column":8},"end":{"line":10,"column":8}},{"start":{"line":10,"column":8},"end":{"line":10,"column":8}}]},"2":{"line":16,"type":"if","locations":[{"start":{"line":16,"column":8},"end":{"line":16,"column":8}},{"start":{"line":16,"column":8},"end":{"line":16,"column":8}}]},"3":{"line":23,"type":"if","locations":[{"start":{"line":23,"column":8},"end":{"line":23,"column":8}},{"start":{"line":23,"column":8},"end":{"line":23,"column":8}}]},"4":{"line":29,"type":"if","locations":[{"start":{"line":29,"column":8},"end":{"line":29,"column":8}},{"start":{"line":29,"column":8},"end":{"line":29,"column":8}}]},"5":{"line":45,"type":"if","locations":[{"start":{"line":45,"column":8},"end":{"line":45,"column":8}},{"start":{"line":45,"column":8},"end":{"line":45,"column":8}}]}}},"contracts/libraries/LibMeta.sol":{"l":{"6":0,"10":0,"11":0,"12":0,"15":0},"path":"/home/shiva/playground/v3/diamond-nft-game/backend/contracts/libraries/LibMeta.sol","s":{"1":0,"2":0,"3":0,"4":0,"5":0},"b":{"1":[0,0]},"f":{"1":0,"2":0},"fnMap":{"1":{"name":"msgSender","line":5,"loc":{"start":{"line":5,"column":4},"end":{"line":7,"column":4}}},"2":{"name":"checkContains","line":9,"loc":{"start":{"line":9,"column":4},"end":{"line":16,"column":4}}}},"statementMap":{"1":{"start":{"line":6,"column":8},"end":{"line":6,"column":27}},"2":{"start":{"line":10,"column":8},"end":{"line":10,"column":291}},"3":{"start":{"line":11,"column":12},"end":{"line":11,"column":350}},"4":{"start":{"line":12,"column":16},"end":{"line":12,"column":27}},"5":{"start":{"line":15,"column":8},"end":{"line":15,"column":20}}},"branchMap":{"1":{"line":11,"type":"if","locations":[{"start":{"line":11,"column":12},"end":{"line":11,"column":12}},{"start":{"line":11,"column":12},"end":{"line":11,"column":12}}]}}},"contracts/tokens/ERC721Diamond.sol":{"l":{"27":0,"38":0,"42":0,"46":0,"47":0,"51":4,"55":4,"59":0,"61":0,"62":0,"66":0,"70":0,"71":0,"73":0,"78":0,"82":0,"84":0,"88":0,"90":0,"91":0,"95":0,"104":0,"106":0,"114":0,"123":0,"124":0,"133":0,"134":0,"138":4,"142":0,"143":0,"144":0,"148":4,"156":4,"157":4,"164":4,"165":4,"167":4,"169":4,"170":4,"172":4,"176":0,"178":0,"180":0,"182":0,"183":0,"185":0,"193":0,"194":0,"196":0,"198":0,"200":0,"201":0,"202":0,"204":0,"209":0,"210":0,"219":4,"220":0,"221":0,"223":0,"224":0,"226":0,"232":4,"242":4,"243":4,"245":0,"247":4,"248":0,"250":4,"255":4,"256":4,"257":4,"261":4,"262":4,"266":0,"267":0,"269":0,"270":0,"272":0,"273":0,"276":0,"277":0,"281":0,"282":0,"284":0,"286":0,"287":0,"289":0,"290":0},"path":"/home/shiva/playground/v3/diamond-nft-game/backend/contracts/tokens/ERC721Diamond.sol","s":{"1":0,"2":0,"3":0,"4":0,"5":0,"6":4,"7":4,"8":0,"9":0,"10":0,"11":0,"12":0,"13":0,"14":0,"15":0,"16":0,"17":0,"18":0,"19":0,"20":0,"21":0,"22":0,"23":0,"24":0,"25":0,"26":0,"27":0,"28":0,"29":4,"30":0,"31":0,"32":0,"33":4,"34":4,"35":4,"36":4,"37":4,"38":4,"39":4,"40":4,"41":4,"42":0,"43":0,"44":0,"45":0,"46":0,"47":0,"48":0,"49":0,"50":0,"51":0,"52":0,"53":0,"54":0,"55":0,"56":0,"57":4,"58":0,"59":0,"60":0,"61":0,"62":4,"63":4,"64":4,"65":0,"66":0,"67":4,"68":0,"69":4,"70":4,"71":4,"72":4,"73":4,"74":4,"75":4,"76":0,"77":0,"78":0,"79":0,"80":0,"81":0,"82":0,"83":0,"84":0,"85":0,"86":0,"87":0},"b":{"1":[0,0],"2":[0,0],"3":[0,0],"4":[0,0],"5":[0,0],"6":[0,0],"7":[0,0],"8":[0,0],"9":[0,0],"10":[0,0],"11":[4,0],"12":[4,0],"13":[4,0],"14":[0,0],"15":[0,0],"16":[0,4],"17":[0,0],"18":[4,0],"19":[0,0],"20":[0,4],"21":[4,0],"22":[0,0]},"f":{"1":0,"2":0,"3":0,"4":0,"5":4,"6":4,"7":0,"8":0,"9":0,"10":0,"11":0,"12":0,"13":0,"14":0,"15":0,"16":0,"17":4,"18":0,"19":4,"20":4,"21":4,"22":0,"23":0,"24":0,"25":4,"26":4,"27":4,"28":4,"29":0,"30":0},"fnMap":{"1":{"name":"supportsInterface","line":26,"loc":{"start":{"line":26,"column":4},"end":{"line":35,"column":4}}},"2":{"name":"totalSupply","line":37,"loc":{"start":{"line":37,"column":4},"end":{"line":39,"column":4}}},"3":{"name":"tokenOfOwnerByIndex","line":41,"loc":{"start":{"line":41,"column":4},"end":{"line":43,"column":4}}},"4":{"name":"tokenByIndex","line":45,"loc":{"start":{"line":45,"column":4},"end":{"line":48,"column":4}}},"5":{"name":"balanceOf","line":50,"loc":{"start":{"line":50,"column":4},"end":{"line":52,"column":4}}},"6":{"name":"ownerOf","line":54,"loc":{"start":{"line":54,"column":4},"end":{"line":56,"column":4}}},"7":{"name":"tokenURI","line":58,"loc":{"start":{"line":58,"column":4},"end":{"line":63,"column":4}}},"8":{"name":"_baseURI","line":65,"loc":{"start":{"line":65,"column":4},"end":{"line":67,"column":4}}},"9":{"name":"approve","line":69,"loc":{"start":{"line":69,"column":4},"end":{"line":79,"column":4}}},"10":{"name":"getApproved","line":81,"loc":{"start":{"line":81,"column":4},"end":{"line":85,"column":4}}},"11":{"name":"setApprovalForAll","line":87,"loc":{"start":{"line":87,"column":4},"end":{"line":92,"column":4}}},"12":{"name":"isApprovedForAll","line":94,"loc":{"start":{"line":94,"column":4},"end":{"line":96,"column":4}}},"13":{"name":"transferFrom","line":98,"loc":{"start":{"line":98,"column":4},"end":{"line":107,"column":4}}},"14":{"name":"safeTransferFrom","line":109,"loc":{"start":{"line":109,"column":4},"end":{"line":115,"column":4}}},"15":{"name":"safeTransferFrom","line":117,"loc":{"start":{"line":117,"column":4},"end":{"line":125,"column":4}}},"16":{"name":"_safeTransfer","line":127,"loc":{"start":{"line":127,"column":4},"end":{"line":135,"column":4}}},"17":{"name":"_exists","line":137,"loc":{"start":{"line":137,"column":4},"end":{"line":139,"column":4}}},"18":{"name":"_isApprovedOrOwner","line":141,"loc":{"start":{"line":141,"column":4},"end":{"line":145,"column":4}}},"19":{"name":"_safeMint","line":147,"loc":{"start":{"line":147,"column":4},"end":{"line":149,"column":4}}},"20":{"name":"_safeMint","line":151,"loc":{"start":{"line":151,"column":4},"end":{"line":161,"column":4}}},"21":{"name":"_mint","line":163,"loc":{"start":{"line":163,"column":4},"end":{"line":173,"column":4}}},"22":{"name":"_burn","line":175,"loc":{"start":{"line":175,"column":4},"end":{"line":186,"column":4}}},"23":{"name":"_transfer","line":188,"loc":{"start":{"line":188,"column":4},"end":{"line":205,"column":4}}},"24":{"name":"_approve","line":208,"loc":{"start":{"line":208,"column":4},"end":{"line":211,"column":4}}},"25":{"name":"_checkOnERC721Received","line":213,"loc":{"start":{"line":213,"column":4},"end":{"line":234,"column":4}}},"26":{"name":"_beforeTokenTransfer","line":237,"loc":{"start":{"line":237,"column":4},"end":{"line":252,"column":4}}},"27":{"name":"_addTokenToOwnerEnumeration","line":254,"loc":{"start":{"line":254,"column":4},"end":{"line":258,"column":4}}},"28":{"name":"_addTokenToAllTokensEnumeration","line":260,"loc":{"start":{"line":260,"column":4},"end":{"line":263,"column":4}}},"29":{"name":"_removeTokenFromOwnerEnumeration","line":265,"loc":{"start":{"line":265,"column":4},"end":{"line":278,"column":4}}},"30":{"name":"_removeTokenFromAllTokensEnumeration","line":280,"loc":{"start":{"line":280,"column":4},"end":{"line":291,"column":4}}}},"statementMap":{"1":{"start":{"line":27,"column":8},"end":{"line":27,"column":1180}},"2":{"start":{"line":38,"column":8},"end":{"line":38,"column":34}},"3":{"start":{"line":42,"column":8},"end":{"line":42,"column":59}},"4":{"start":{"line":46,"column":8},"end":{"line":46,"column":85}},"5":{"start":{"line":47,"column":8},"end":{"line":47,"column":34}},"6":{"start":{"line":51,"column":8},"end":{"line":51,"column":42}},"7":{"start":{"line":55,"column":8},"end":{"line":55,"column":42}},"8":{"start":{"line":59,"column":8},"end":{"line":59,"column":85}},"9":{"start":{"line":61,"column":8},"end":{"line":61,"column":42}},"10":{"start":{"line":62,"column":8},"end":{"line":62,"column":101}},"11":{"start":{"line":66,"column":8},"end":{"line":66,"column":17}},"12":{"start":{"line":70,"column":8},"end":{"line":70,"column":40}},"13":{"start":{"line":71,"column":8},"end":{"line":71,"column":64}},"14":{"start":{"line":73,"column":8},"end":{"line":73,"column":2960}},"15":{"start":{"line":78,"column":8},"end":{"line":78,"column":28}},"16":{"start":{"line":82,"column":8},"end":{"line":82,"column":80}},"17":{"start":{"line":84,"column":8},"end":{"line":84,"column":41}},"18":{"start":{"line":88,"column":8},"end":{"line":88,"column":76}},"19":{"start":{"line":90,"column":8},"end":{"line":90,"column":69}},"20":{"start":{"line":91,"column":8},"end":{"line":91,"column":68}},"21":{"start":{"line":95,"column":8},"end":{"line":95,"column":52}},"22":{"start":{"line":104,"column":8},"end":{"line":104,"column":117}},"23":{"start":{"line":106,"column":8},"end":{"line":106,"column":35}},"24":{"start":{"line":114,"column":8},"end":{"line":114,"column":46}},"25":{"start":{"line":123,"column":8},"end":{"line":123,"column":117}},"26":{"start":{"line":124,"column":8},"end":{"line":124,"column":46}},"27":{"start":{"line":133,"column":8},"end":{"line":133,"column":35}},"28":{"start":{"line":134,"column":8},"end":{"line":134,"column":118}},"29":{"start":{"line":138,"column":8},"end":{"line":138,"column":47}},"30":{"start":{"line":142,"column":8},"end":{"line":142,"column":80}},"31":{"start":{"line":143,"column":8},"end":{"line":143,"column":40}},"32":{"start":{"line":144,"column":8},"end":{"line":144,"column":104}},"33":{"start":{"line":148,"column":8},"end":{"line":148,"column":33}},"34":{"start":{"line":156,"column":8},"end":{"line":156,"column":25}},"35":{"start":{"line":157,"column":8},"end":{"line":157,"column":5815}},"36":{"start":{"line":164,"column":8},"end":{"line":164,"column":68}},"37":{"start":{"line":165,"column":8},"end":{"line":165,"column":65}},"38":{"start":{"line":167,"column":8},"end":{"line":167,"column":52}},"39":{"start":{"line":169,"column":8},"end":{"line":169,"column":27}},"40":{"start":{"line":170,"column":8},"end":{"line":170,"column":30}},"41":{"start":{"line":172,"column":8},"end":{"line":172,"column":46}},"42":{"start":{"line":176,"column":8},"end":{"line":176,"column":40}},"43":{"start":{"line":178,"column":8},"end":{"line":178,"column":55}},"44":{"start":{"line":180,"column":8},"end":{"line":180,"column":36}},"45":{"start":{"line":182,"column":8},"end":{"line":182,"column":30}},"46":{"start":{"line":185,"column":8},"end":{"line":185,"column":49}},"47":{"start":{"line":193,"column":8},"end":{"line":193,"column":85}},"48":{"start":{"line":194,"column":8},"end":{"line":194,"column":72}},"49":{"start":{"line":196,"column":8},"end":{"line":196,"column":46}},"50":{"start":{"line":198,"column":8},"end":{"line":198,"column":36}},"51":{"start":{"line":200,"column":8},"end":{"line":200,"column":29}},"52":{"start":{"line":201,"column":8},"end":{"line":201,"column":27}},"53":{"start":{"line":202,"column":8},"end":{"line":202,"column":30}},"54":{"start":{"line":204,"column":8},"end":{"line":204,"column":40}},"55":{"start":{"line":209,"column":8},"end":{"line":209,"column":38}},"56":{"start":{"line":210,"column":8},"end":{"line":210,"column":52}},"57":{"start":{"line":219,"column":8},"end":{"line":219,"column":7538}},"58":{"start":{"line":220,"column":12},"end":{"line":220,"column":7577}},"59":{"start":{"line":221,"column":16},"end":{"line":221,"column":74}},"60":{"start":{"line":223,"column":16},"end":{"line":223,"column":7827}},"61":{"start":{"line":224,"column":20},"end":{"line":224,"column":79}},"62":{"start":{"line":232,"column":12},"end":{"line":232,"column":23}},"63":{"start":{"line":242,"column":8},"end":{"line":242,"column":8294}},"64":{"start":{"line":243,"column":12},"end":{"line":243,"column":51}},"65":{"start":{"line":244,"column":15},"end":{"line":244,"column":8389}},"66":{"start":{"line":245,"column":12},"end":{"line":245,"column":58}},"67":{"start":{"line":247,"column":8},"end":{"line":247,"column":8486}},"68":{"start":{"line":248,"column":12},"end":{"line":248,"column":56}},"69":{"start":{"line":249,"column":15},"end":{"line":249,"column":8584}},"70":{"start":{"line":250,"column":12},"end":{"line":250,"column":51}},"71":{"start":{"line":255,"column":8},"end":{"line":255,"column":38}},"72":{"start":{"line":256,"column":8},"end":{"line":256,"column":43}},"73":{"start":{"line":257,"column":8},"end":{"line":257,"column":44}},"74":{"start":{"line":261,"column":8},"end":{"line":261,"column":55}},"75":{"start":{"line":262,"column":8},"end":{"line":262,"column":33}},"76":{"start":{"line":266,"column":8},"end":{"line":266,"column":52}},"77":{"start":{"line":267,"column":8},"end":{"line":267,"column":57}},"78":{"start":{"line":269,"column":8},"end":{"line":269,"column":9275}},"79":{"start":{"line":270,"column":12},"end":{"line":270,"column":70}},"80":{"start":{"line":272,"column":12},"end":{"line":272,"column":57}},"81":{"start":{"line":273,"column":12},"end":{"line":273,"column":56}},"82":{"start":{"line":281,"column":8},"end":{"line":281,"column":56}},"83":{"start":{"line":282,"column":8},"end":{"line":282,"column":55}},"84":{"start":{"line":284,"column":8},"end":{"line":284,"column":58}},"85":{"start":{"line":286,"column":8},"end":{"line":286,"column":45}},"86":{"start":{"line":287,"column":8},"end":{"line":287,"column":50}},"87":{"start":{"line":290,"column":8},"end":{"line":290,"column":25}}},"branchMap":{"1":{"line":46,"type":"if","locations":[{"start":{"line":46,"column":8},"end":{"line":46,"column":8}},{"start":{"line":46,"column":8},"end":{"line":46,"column":8}}]},"2":{"line":59,"type":"if","locations":[{"start":{"line":59,"column":8},"end":{"line":59,"column":8}},{"start":{"line":59,"column":8},"end":{"line":59,"column":8}}]},"3":{"line":71,"type":"if","locations":[{"start":{"line":71,"column":8},"end":{"line":71,"column":8}},{"start":{"line":71,"column":8},"end":{"line":71,"column":8}}]},"4":{"line":73,"type":"if","locations":[{"start":{"line":73,"column":8},"end":{"line":73,"column":8}},{"start":{"line":73,"column":8},"end":{"line":73,"column":8}}]},"5":{"line":82,"type":"if","locations":[{"start":{"line":82,"column":8},"end":{"line":82,"column":8}},{"start":{"line":82,"column":8},"end":{"line":82,"column":8}}]},"6":{"line":88,"type":"if","locations":[{"start":{"line":88,"column":8},"end":{"line":88,"column":8}},{"start":{"line":88,"column":8},"end":{"line":88,"column":8}}]},"7":{"line":104,"type":"if","locations":[{"start":{"line":104,"column":8},"end":{"line":104,"column":8}},{"start":{"line":104,"column":8},"end":{"line":104,"column":8}}]},"8":{"line":123,"type":"if","locations":[{"start":{"line":123,"column":8},"end":{"line":123,"column":8}},{"start":{"line":123,"column":8},"end":{"line":123,"column":8}}]},"9":{"line":134,"type":"if","locations":[{"start":{"line":134,"column":8},"end":{"line":134,"column":8}},{"start":{"line":134,"column":8},"end":{"line":134,"column":8}}]},"10":{"line":142,"type":"if","locations":[{"start":{"line":142,"column":8},"end":{"line":142,"column":8}},{"start":{"line":142,"column":8},"end":{"line":142,"column":8}}]},"11":{"line":157,"type":"if","locations":[{"start":{"line":157,"column":8},"end":{"line":157,"column":8}},{"start":{"line":157,"column":8},"end":{"line":157,"column":8}}]},"12":{"line":164,"type":"if","locations":[{"start":{"line":164,"column":8},"end":{"line":164,"column":8}},{"start":{"line":164,"column":8},"end":{"line":164,"column":8}}]},"13":{"line":165,"type":"if","locations":[{"start":{"line":165,"column":8},"end":{"line":165,"column":8}},{"start":{"line":165,"column":8},"end":{"line":165,"column":8}}]},"14":{"line":193,"type":"if","locations":[{"start":{"line":193,"column":8},"end":{"line":193,"column":8}},{"start":{"line":193,"column":8},"end":{"line":193,"column":8}}]},"15":{"line":194,"type":"if","locations":[{"start":{"line":194,"column":8},"end":{"line":194,"column":8}},{"start":{"line":194,"column":8},"end":{"line":194,"column":8}}]},"16":{"line":219,"type":"if","locations":[{"start":{"line":219,"column":8},"end":{"line":219,"column":8}},{"start":{"line":219,"column":8},"end":{"line":219,"column":8}}]},"17":{"line":223,"type":"if","locations":[{"start":{"line":223,"column":16},"end":{"line":223,"column":16}},{"start":{"line":223,"column":16},"end":{"line":223,"column":16}}]},"18":{"line":242,"type":"if","locations":[{"start":{"line":242,"column":8},"end":{"line":242,"column":8}},{"start":{"line":242,"column":8},"end":{"line":242,"column":8}}]},"19":{"line":244,"type":"if","locations":[{"start":{"line":244,"column":15},"end":{"line":244,"column":15}},{"start":{"line":244,"column":15},"end":{"line":244,"column":15}}]},"20":{"line":247,"type":"if","locations":[{"start":{"line":247,"column":8},"end":{"line":247,"column":8}},{"start":{"line":247,"column":8},"end":{"line":247,"column":8}}]},"21":{"line":249,"type":"if","locations":[{"start":{"line":249,"column":15},"end":{"line":249,"column":15}},{"start":{"line":249,"column":15},"end":{"line":249,"column":15}}]},"22":{"line":269,"type":"if","locations":[{"start":{"line":269,"column":8},"end":{"line":269,"column":8}},{"start":{"line":269,"column":8},"end":{"line":269,"column":8}}]}}},"contracts/upgradeInitializers/DiamondInit.sol":{"l":{"35":1,"36":1,"37":1,"38":1,"39":1,"47":1,"48":1,"49":1,"50":1,"52":1,"60":1,"62":3,"73":1,"74":1},"path":"/home/shiva/playground/v3/diamond-nft-game/backend/contracts/upgradeInitializers/DiamondInit.sol","s":{"1":1,"2":1,"3":1,"4":1,"5":1,"6":1,"7":1,"8":1,"9":1,"10":1,"11":1,"12":3,"13":1,"14":1},"b":{},"f":{"1":1},"fnMap":{"1":{"name":"init","line":26,"loc":{"start":{"line":26,"column":4},"end":{"line":76,"column":4}}}},"statementMap":{"1":{"start":{"line":35,"column":8},"end":{"line":35,"column":74}},"2":{"start":{"line":36,"column":8},"end":{"line":36,"column":63}},"3":{"start":{"line":37,"column":8},"end":{"line":37,"column":67}},"4":{"start":{"line":38,"column":8},"end":{"line":38,"column":69}},"5":{"start":{"line":39,"column":8},"end":{"line":39,"column":63}},"6":{"start":{"line":47,"column":8},"end":{"line":47,"column":61}},"7":{"start":{"line":48,"column":8},"end":{"line":48,"column":42}},"8":{"start":{"line":49,"column":8},"end":{"line":49,"column":25}},"9":{"start":{"line":50,"column":8},"end":{"line":50,"column":25}},"10":{"start":{"line":52,"column":8},"end":{"line":52,"column":2420}},"11":{"start":{"line":60,"column":8},"end":{"line":60,"column":2610}},"12":{"start":{"line":62,"column":10},"end":{"line":62,"column":2678}},"13":{"start":{"line":73,"column":8},"end":{"line":73,"column":23}},"14":{"start":{"line":74,"column":8},"end":{"line":74,"column":25}}},"branchMap":{}}}