{"contracts/Diamond.sol":{"l":{"16":3,"19":3,"20":3,"21":3,"22":3,"27":3,"33":94,"34":94,"36":94,"40":94,"41":94,"43":94},"path":"/home/shiva/playground/v3/diamond-dapp/backend/contracts/Diamond.sol","s":{"1":3,"2":3,"3":3,"4":3,"5":3,"6":3,"7":94,"8":94,"9":94,"10":94},"b":{"1":[94,0]},"f":{"1":3,"2":94},"fnMap":{"1":{"name":"constructor","line":15,"loc":{"start":{"line":15,"column":4},"end":{"line":28,"column":4}}},"2":{"name":null,"line":32,"loc":{"start":{"line":32,"column":4},"end":{"line":59,"column":4}}}},"statementMap":{"1":{"start":{"line":16,"column":8},"end":{"line":16,"column":50}},"2":{"start":{"line":19,"column":8},"end":{"line":19,"column":73}},"3":{"start":{"line":20,"column":8},"end":{"line":20,"column":59}},"4":{"start":{"line":21,"column":8},"end":{"line":21,"column":61}},"5":{"start":{"line":22,"column":8},"end":{"line":22,"column":965}},"6":{"start":{"line":27,"column":8},"end":{"line":27,"column":49}},"7":{"start":{"line":33,"column":8},"end":{"line":33,"column":44}},"8":{"start":{"line":34,"column":8},"end":{"line":34,"column":62}},"9":{"start":{"line":40,"column":8},"end":{"line":40,"column":80}},"10":{"start":{"line":41,"column":8},"end":{"line":41,"column":71}}},"branchMap":{"1":{"line":41,"type":"if","locations":[{"start":{"line":41,"column":8},"end":{"line":41,"column":8}},{"start":{"line":41,"column":8},"end":{"line":41,"column":8}}]}}},"contracts/facets/DiamondCutFacet.sol":{"l":{"24":3,"25":3},"path":"/home/shiva/playground/v3/diamond-dapp/backend/contracts/facets/DiamondCutFacet.sol","s":{"1":3,"2":3},"b":{},"f":{"1":3},"fnMap":{"1":{"name":"diamondCut","line":19,"loc":{"start":{"line":19,"column":4},"end":{"line":26,"column":4}}}},"statementMap":{"1":{"start":{"line":24,"column":8},"end":{"line":24,"column":42}},"2":{"start":{"line":25,"column":8},"end":{"line":25,"column":59}}},"branchMap":{}},"contracts/facets/DiamondLoupeFacet.sol":{"l":{"24":0,"25":0,"27":0,"29":0,"31":0,"33":0,"34":0,"35":0,"36":0,"38":0,"39":0,"40":0,"42":0,"43":0,"44":0,"45":0,"49":0,"50":0,"51":0,"54":0,"55":0,"56":0,"57":0,"58":0,"60":0,"61":0,"62":0,"64":0,"69":0,"78":5,"79":5,"80":5,"81":5,"83":5,"84":91,"85":91,"86":91,"87":35,"88":35,"92":5,"100":1,"101":1,"103":1,"104":1,"106":1,"107":8,"108":8,"109":8,"111":8,"112":14,"113":5,"114":5,"118":8,"119":5,"120":5,"123":3,"124":3,"127":1,"137":4,"138":4,"143":0,"144":0},"path":"/home/shiva/playground/v3/diamond-dapp/backend/contracts/facets/DiamondLoupeFacet.sol","s":{"1":0,"2":0,"3":0,"4":0,"5":0,"6":0,"7":0,"8":0,"9":0,"10":0,"11":0,"12":0,"13":0,"14":0,"15":0,"16":0,"17":0,"18":0,"19":0,"20":0,"21":0,"22":0,"23":0,"24":5,"25":5,"26":5,"27":5,"28":5,"29":91,"30":91,"31":91,"32":35,"33":1,"34":1,"35":1,"36":1,"37":1,"38":8,"39":8,"40":8,"41":8,"42":14,"43":5,"44":8,"45":5,"46":3,"47":4,"48":4,"49":0,"50":0},"b":{"1":[0,0],"2":[0,0],"3":[0,0],"4":[35,56],"5":[5,9],"6":[5,3]},"f":{"1":0,"2":5,"3":1,"4":4,"5":0},"fnMap":{"1":{"name":"facets","line":23,"loc":{"start":{"line":23,"column":4},"end":{"line":72,"column":4}}},"2":{"name":"facetFunctionSelectors","line":77,"loc":{"start":{"line":77,"column":4},"end":{"line":95,"column":4}}},"3":{"name":"facetAddresses","line":99,"loc":{"start":{"line":99,"column":4},"end":{"line":130,"column":4}}},"4":{"name":"facetAddress","line":136,"loc":{"start":{"line":136,"column":4},"end":{"line":139,"column":4}}},"5":{"name":"supportsInterface","line":142,"loc":{"start":{"line":142,"column":4},"end":{"line":145,"column":4}}}},"statementMap":{"1":{"start":{"line":24,"column":8},"end":{"line":24,"column":74}},"2":{"start":{"line":25,"column":8},"end":{"line":25,"column":51}},"3":{"start":{"line":27,"column":8},"end":{"line":27,"column":43}},"4":{"start":{"line":29,"column":8},"end":{"line":29,"column":69}},"5":{"start":{"line":31,"column":8},"end":{"line":31,"column":25}},"6":{"start":{"line":33,"column":8},"end":{"line":33,"column":1548}},"7":{"start":{"line":34,"column":12},"end":{"line":34,"column":57}},"8":{"start":{"line":35,"column":12},"end":{"line":35,"column":93}},"9":{"start":{"line":36,"column":12},"end":{"line":36,"column":37}},"10":{"start":{"line":38,"column":12},"end":{"line":38,"column":1919}},"11":{"start":{"line":39,"column":16},"end":{"line":39,"column":2004}},"12":{"start":{"line":40,"column":20},"end":{"line":40,"column":98}},"13":{"start":{"line":42,"column":20},"end":{"line":42,"column":63}},"14":{"start":{"line":44,"column":20},"end":{"line":44,"column":38}},"15":{"start":{"line":49,"column":12},"end":{"line":49,"column":2566}},"16":{"start":{"line":50,"column":16},"end":{"line":50,"column":35}},"17":{"start":{"line":54,"column":12},"end":{"line":54,"column":58}},"18":{"start":{"line":55,"column":12},"end":{"line":55,"column":77}},"19":{"start":{"line":56,"column":12},"end":{"line":56,"column":61}},"20":{"start":{"line":57,"column":12},"end":{"line":57,"column":43}},"21":{"start":{"line":60,"column":8},"end":{"line":60,"column":3019}},"22":{"start":{"line":61,"column":12},"end":{"line":61,"column":64}},"23":{"start":{"line":62,"column":12},"end":{"line":62,"column":77}},"24":{"start":{"line":78,"column":8},"end":{"line":78,"column":74}},"25":{"start":{"line":79,"column":8},"end":{"line":79,"column":51}},"26":{"start":{"line":80,"column":8},"end":{"line":80,"column":28}},"27":{"start":{"line":81,"column":8},"end":{"line":81,"column":60}},"28":{"start":{"line":83,"column":8},"end":{"line":83,"column":4093}},"29":{"start":{"line":84,"column":12},"end":{"line":84,"column":57}},"30":{"start":{"line":85,"column":12},"end":{"line":85,"column":93}},"31":{"start":{"line":86,"column":12},"end":{"line":86,"column":4341}},"32":{"start":{"line":87,"column":16},"end":{"line":87,"column":63}},"33":{"start":{"line":100,"column":8},"end":{"line":100,"column":74}},"34":{"start":{"line":101,"column":8},"end":{"line":101,"column":51}},"35":{"start":{"line":103,"column":8},"end":{"line":103,"column":53}},"36":{"start":{"line":104,"column":8},"end":{"line":104,"column":25}},"37":{"start":{"line":106,"column":8},"end":{"line":106,"column":5152}},"38":{"start":{"line":107,"column":12},"end":{"line":107,"column":57}},"39":{"start":{"line":108,"column":12},"end":{"line":108,"column":93}},"40":{"start":{"line":109,"column":12},"end":{"line":109,"column":37}},"41":{"start":{"line":111,"column":12},"end":{"line":111,"column":5532}},"42":{"start":{"line":112,"column":16},"end":{"line":112,"column":5617}},"43":{"start":{"line":113,"column":20},"end":{"line":113,"column":38}},"44":{"start":{"line":118,"column":12},"end":{"line":118,"column":5837}},"45":{"start":{"line":119,"column":16},"end":{"line":119,"column":35}},"46":{"start":{"line":123,"column":12},"end":{"line":123,"column":53}},"47":{"start":{"line":137,"column":8},"end":{"line":137,"column":74}},"48":{"start":{"line":138,"column":8},"end":{"line":138,"column":89}},"49":{"start":{"line":143,"column":8},"end":{"line":143,"column":74}},"50":{"start":{"line":144,"column":8},"end":{"line":144,"column":51}}},"branchMap":{"1":{"line":39,"type":"if","locations":[{"start":{"line":39,"column":16},"end":{"line":39,"column":16}},{"start":{"line":39,"column":16},"end":{"line":39,"column":16}}]},"2":{"line":42,"type":"if","locations":[{"start":{"line":42,"column":20},"end":{"line":42,"column":20}},{"start":{"line":42,"column":20},"end":{"line":42,"column":20}}]},"3":{"line":49,"type":"if","locations":[{"start":{"line":49,"column":12},"end":{"line":49,"column":12}},{"start":{"line":49,"column":12},"end":{"line":49,"column":12}}]},"4":{"line":86,"type":"if","locations":[{"start":{"line":86,"column":12},"end":{"line":86,"column":12}},{"start":{"line":86,"column":12},"end":{"line":86,"column":12}}]},"5":{"line":112,"type":"if","locations":[{"start":{"line":112,"column":16},"end":{"line":112,"column":16}},{"start":{"line":112,"column":16},"end":{"line":112,"column":16}}]},"6":{"line":118,"type":"if","locations":[{"start":{"line":118,"column":12},"end":{"line":118,"column":12}},{"start":{"line":118,"column":12},"end":{"line":118,"column":12}}]}}},"contracts/facets/DynamicGameFacet.sol":{"l":{"38":2,"39":1,"49":19,"50":17,"52":17,"54":17,"66":17,"68":17,"69":17,"70":17,"72":17,"84":1,"86":1,"87":1,"88":1,"90":1,"103":1,"107":1,"119":4,"120":3,"122":3,"123":3,"125":3,"131":3,"137":3,"138":0,"140":3,"144":3,"145":0,"147":3,"151":3,"152":3,"153":3,"165":2,"167":2,"168":1,"169":1,"172":1,"174":1,"176":16,"180":1,"189":3,"198":1,"208":2,"209":1,"210":1,"219":8,"228":6,"237":1},"path":"/home/shiva/playground/v3/diamond-dapp/backend/contracts/facets/DynamicGameFacet.sol","s":{"1":2,"2":1,"3":19,"4":17,"5":17,"6":17,"7":17,"8":17,"9":17,"10":17,"11":17,"12":1,"13":1,"14":1,"15":1,"16":1,"17":1,"18":1,"19":4,"20":3,"21":3,"22":3,"23":3,"24":3,"25":3,"26":0,"27":3,"28":3,"29":0,"30":3,"31":3,"32":3,"33":3,"34":2,"35":2,"36":1,"37":1,"38":1,"39":1,"40":16,"41":1,"42":3,"43":1,"44":2,"45":1,"46":1,"47":8,"48":6,"49":1},"b":{"1":[17,2],"2":[3,1],"3":[3,0],"4":[3,0],"5":[0,3],"6":[0,3],"7":[1,1],"8":[1,0]},"f":{"1":2,"2":19,"3":1,"4":4,"5":2,"6":3,"7":1,"8":2,"9":8,"10":6,"11":1},"fnMap":{"1":{"name":"updateFee","line":36,"loc":{"start":{"line":36,"column":4},"end":{"line":41,"column":4}}},"2":{"name":"mintCharacterNFT","line":48,"loc":{"start":{"line":48,"column":2},"end":{"line":74,"column":2}}},"3":{"name":"tokenURI","line":82,"loc":{"start":{"line":82,"column":2},"end":{"line":108,"column":2}}},"4":{"name":"attackBoss","line":115,"loc":{"start":{"line":115,"column":2},"end":{"line":154,"column":2}}},"5":{"name":"checkIfUserHasNFT","line":163,"loc":{"start":{"line":163,"column":2},"end":{"line":182,"column":2}}},"6":{"name":"getBigBoss","line":187,"loc":{"start":{"line":187,"column":2},"end":{"line":191,"column":2}}},"7":{"name":"getAllDefaultCharacters","line":196,"loc":{"start":{"line":196,"column":2},"end":{"line":200,"column":2}}},"8":{"name":"withdraw","line":206,"loc":{"start":{"line":206,"column":2},"end":{"line":212,"column":2}}},"9":{"name":"nftHolders","line":217,"loc":{"start":{"line":217,"column":2},"end":{"line":221,"column":2}}},"10":{"name":"nftHolderAttributes","line":226,"loc":{"start":{"line":226,"column":2},"end":{"line":230,"column":2}}},"11":{"name":"totalTokens","line":235,"loc":{"start":{"line":235,"column":2},"end":{"line":239,"column":2}}}},"statementMap":{"1":{"start":{"line":38,"column":8},"end":{"line":38,"column":42}},"2":{"start":{"line":39,"column":8},"end":{"line":39,"column":19}},"3":{"start":{"line":49,"column":4},"end":{"line":49,"column":30}},"4":{"start":{"line":50,"column":4},"end":{"line":50,"column":35}},"5":{"start":{"line":52,"column":4},"end":{"line":52,"column":35}},"6":{"start":{"line":54,"column":4},"end":{"line":54,"column":1960}},"7":{"start":{"line":66,"column":4},"end":{"line":66,"column":92}},"8":{"start":{"line":68,"column":4},"end":{"line":68,"column":43}},"9":{"start":{"line":69,"column":4},"end":{"line":69,"column":28}},"10":{"start":{"line":70,"column":4},"end":{"line":70,"column":19}},"11":{"start":{"line":72,"column":4},"end":{"line":72,"column":67}},"12":{"start":{"line":84,"column":4},"end":{"line":84,"column":79}},"13":{"start":{"line":86,"column":4},"end":{"line":86,"column":61}},"14":{"start":{"line":87,"column":4},"end":{"line":87,"column":67}},"15":{"start":{"line":88,"column":4},"end":{"line":88,"column":81}},"16":{"start":{"line":90,"column":4},"end":{"line":90,"column":3435}},"17":{"start":{"line":103,"column":4},"end":{"line":103,"column":3990}},"18":{"start":{"line":107,"column":4},"end":{"line":107,"column":17}},"19":{"start":{"line":119,"column":4},"end":{"line":119,"column":61}},"20":{"start":{"line":120,"column":4},"end":{"line":120,"column":71}},"21":{"start":{"line":122,"column":4},"end":{"line":122,"column":124}},"22":{"start":{"line":123,"column":4},"end":{"line":123,"column":99}},"23":{"start":{"line":125,"column":4},"end":{"line":125,"column":4999}},"24":{"start":{"line":131,"column":4},"end":{"line":131,"column":5142}},"25":{"start":{"line":137,"column":4},"end":{"line":137,"column":5273}},"26":{"start":{"line":138,"column":6},"end":{"line":138,"column":21}},"27":{"start":{"line":140,"column":6},"end":{"line":140,"column":54}},"28":{"start":{"line":144,"column":4},"end":{"line":144,"column":5456}},"29":{"start":{"line":145,"column":6},"end":{"line":145,"column":18}},"30":{"start":{"line":147,"column":6},"end":{"line":147,"column":51}},"31":{"start":{"line":151,"column":4},"end":{"line":151,"column":76}},"32":{"start":{"line":152,"column":4},"end":{"line":152,"column":84}},"33":{"start":{"line":153,"column":4},"end":{"line":153,"column":48}},"34":{"start":{"line":165,"column":4},"end":{"line":165,"column":53}},"35":{"start":{"line":167,"column":4},"end":{"line":167,"column":6396}},"36":{"start":{"line":168,"column":6},"end":{"line":168,"column":46}},"37":{"start":{"line":169,"column":6},"end":{"line":169,"column":24}},"38":{"start":{"line":172,"column":4},"end":{"line":172,"column":87}},"39":{"start":{"line":174,"column":4},"end":{"line":174,"column":6597}},"40":{"start":{"line":176,"column":8},"end":{"line":176,"column":56}},"41":{"start":{"line":180,"column":4},"end":{"line":180,"column":20}},"42":{"start":{"line":189,"column":4},"end":{"line":189,"column":20}},"43":{"start":{"line":198,"column":4},"end":{"line":198,"column":30}},"44":{"start":{"line":208,"column":4},"end":{"line":208,"column":38}},"45":{"start":{"line":209,"column":4},"end":{"line":209,"column":72}},"46":{"start":{"line":210,"column":4},"end":{"line":210,"column":39}},"47":{"start":{"line":219,"column":4},"end":{"line":219,"column":40}},"48":{"start":{"line":228,"column":4},"end":{"line":228,"column":52}},"49":{"start":{"line":237,"column":4},"end":{"line":237,"column":22}}},"branchMap":{"1":{"line":49,"type":"if","locations":[{"start":{"line":49,"column":4},"end":{"line":49,"column":4}},{"start":{"line":49,"column":4},"end":{"line":49,"column":4}}]},"2":{"line":119,"type":"if","locations":[{"start":{"line":119,"column":4},"end":{"line":119,"column":4}},{"start":{"line":119,"column":4},"end":{"line":119,"column":4}}]},"3":{"line":125,"type":"if","locations":[{"start":{"line":125,"column":4},"end":{"line":125,"column":4}},{"start":{"line":125,"column":4},"end":{"line":125,"column":4}}]},"4":{"line":131,"type":"if","locations":[{"start":{"line":131,"column":4},"end":{"line":131,"column":4}},{"start":{"line":131,"column":4},"end":{"line":131,"column":4}}]},"5":{"line":137,"type":"if","locations":[{"start":{"line":137,"column":4},"end":{"line":137,"column":4}},{"start":{"line":137,"column":4},"end":{"line":137,"column":4}}]},"6":{"line":144,"type":"if","locations":[{"start":{"line":144,"column":4},"end":{"line":144,"column":4}},{"start":{"line":144,"column":4},"end":{"line":144,"column":4}}]},"7":{"line":167,"type":"if","locations":[{"start":{"line":167,"column":4},"end":{"line":167,"column":4}},{"start":{"line":167,"column":4},"end":{"line":167,"column":4}}]},"8":{"line":210,"type":"if","locations":[{"start":{"line":210,"column":4},"end":{"line":210,"column":4}},{"start":{"line":210,"column":4},"end":{"line":210,"column":4}}]}}},"contracts/facets/MyEpicGame.sol":{"l":{},"path":"/home/shiva/playground/v3/diamond-dapp/backend/contracts/facets/MyEpicGame.sol","s":{},"b":{},"f":{},"fnMap":{},"statementMap":{},"branchMap":{}},"contracts/facets/OwnershipFacet.sol":{"l":{"9":0,"10":0,"14":0},"path":"/home/shiva/playground/v3/diamond-dapp/backend/contracts/facets/OwnershipFacet.sol","s":{"1":0,"2":0,"3":0},"b":{},"f":{"1":0,"2":0},"fnMap":{"1":{"name":"transferOwnership","line":8,"loc":{"start":{"line":8,"column":4},"end":{"line":11,"column":4}}},"2":{"name":"owner","line":13,"loc":{"start":{"line":13,"column":4},"end":{"line":15,"column":4}}}},"statementMap":{"1":{"start":{"line":9,"column":8},"end":{"line":9,"column":42}},"2":{"start":{"line":10,"column":8},"end":{"line":10,"column":45}},"3":{"start":{"line":14,"column":8},"end":{"line":14,"column":42}}},"branchMap":{}},"contracts/facets/StakeNFTFacet.sol":{"l":{"51":2,"54":2,"55":2,"57":2,"58":2,"59":2,"61":2,"62":2,"65":2,"66":2,"68":2,"70":2,"72":2,"73":2,"75":2,"84":2,"88":2,"89":2,"90":2,"92":2,"94":2,"96":2,"98":2,"99":1,"102":2,"104":2,"121":2,"128":2,"129":2,"130":2},"path":"/home/shiva/playground/v3/diamond-dapp/backend/contracts/facets/StakeNFTFacet.sol","s":{"1":2,"2":2,"3":2,"4":2,"5":2,"6":2,"7":2,"8":2,"9":2,"10":2,"11":2,"12":2,"13":2,"14":2,"15":2,"16":2,"17":2,"18":2,"19":2,"20":2,"21":2,"22":2,"23":2,"24":1,"25":2,"26":2,"27":2,"28":2,"29":2,"30":2},"b":{"1":[2,0],"2":[2,0],"3":[2,0],"4":[2,0],"5":[2,0],"6":[2,0],"7":[1,1]},"f":{"1":2,"2":2,"3":2},"fnMap":{"1":{"name":"stakeCharacter","line":49,"loc":{"start":{"line":49,"column":4},"end":{"line":77,"column":4}}},"2":{"name":"unStakeCharacter","line":83,"loc":{"start":{"line":83,"column":4},"end":{"line":123,"column":4}}},"3":{"name":"getStartTime","line":126,"loc":{"start":{"line":126,"column":4},"end":{"line":132,"column":4}}}},"statementMap":{"1":{"start":{"line":51,"column":8},"end":{"line":51,"column":83}},"2":{"start":{"line":54,"column":8},"end":{"line":54,"column":65}},"3":{"start":{"line":55,"column":8},"end":{"line":55,"column":98}},"4":{"start":{"line":57,"column":8},"end":{"line":57,"column":66}},"5":{"start":{"line":58,"column":8},"end":{"line":58,"column":74}},"6":{"start":{"line":59,"column":8},"end":{"line":59,"column":72}},"7":{"start":{"line":61,"column":8},"end":{"line":61,"column":47}},"8":{"start":{"line":62,"column":8},"end":{"line":62,"column":39}},"9":{"start":{"line":65,"column":8},"end":{"line":65,"column":74}},"10":{"start":{"line":66,"column":8},"end":{"line":66,"column":92}},"11":{"start":{"line":68,"column":8},"end":{"line":68,"column":89}},"12":{"start":{"line":70,"column":8},"end":{"line":70,"column":61}},"13":{"start":{"line":72,"column":8},"end":{"line":72,"column":164}},"14":{"start":{"line":73,"column":8},"end":{"line":73,"column":42}},"15":{"start":{"line":75,"column":8},"end":{"line":75,"column":57}},"16":{"start":{"line":84,"column":8},"end":{"line":84,"column":83}},"17":{"start":{"line":88,"column":8},"end":{"line":88,"column":98}},"18":{"start":{"line":89,"column":8},"end":{"line":89,"column":65}},"19":{"start":{"line":90,"column":8},"end":{"line":90,"column":67}},"20":{"start":{"line":92,"column":8},"end":{"line":92,"column":75}},"21":{"start":{"line":94,"column":8},"end":{"line":94,"column":66}},"22":{"start":{"line":96,"column":8},"end":{"line":96,"column":46}},"23":{"start":{"line":98,"column":8},"end":{"line":98,"column":4278}},"24":{"start":{"line":99,"column":12},"end":{"line":99,"column":35}},"25":{"start":{"line":102,"column":8},"end":{"line":102,"column":33}},"26":{"start":{"line":104,"column":8},"end":{"line":104,"column":87}},"27":{"start":{"line":121,"column":8},"end":{"line":121,"column":87}},"28":{"start":{"line":128,"column":8},"end":{"line":128,"column":83}},"29":{"start":{"line":129,"column":8},"end":{"line":129,"column":97}},"30":{"start":{"line":130,"column":8},"end":{"line":130,"column":37}}},"branchMap":{"1":{"line":54,"type":"if","locations":[{"start":{"line":54,"column":8},"end":{"line":54,"column":8}},{"start":{"line":54,"column":8},"end":{"line":54,"column":8}}]},"2":{"line":57,"type":"if","locations":[{"start":{"line":57,"column":8},"end":{"line":57,"column":8}},{"start":{"line":57,"column":8},"end":{"line":57,"column":8}}]},"3":{"line":59,"type":"if","locations":[{"start":{"line":59,"column":8},"end":{"line":59,"column":8}},{"start":{"line":59,"column":8},"end":{"line":59,"column":8}}]},"4":{"line":73,"type":"if","locations":[{"start":{"line":73,"column":8},"end":{"line":73,"column":8}},{"start":{"line":73,"column":8},"end":{"line":73,"column":8}}]},"5":{"line":89,"type":"if","locations":[{"start":{"line":89,"column":8},"end":{"line":89,"column":8}},{"start":{"line":89,"column":8},"end":{"line":89,"column":8}}]},"6":{"line":90,"type":"if","locations":[{"start":{"line":90,"column":8},"end":{"line":90,"column":8}},{"start":{"line":90,"column":8},"end":{"line":90,"column":8}}]},"7":{"line":98,"type":"if","locations":[{"start":{"line":98,"column":8},"end":{"line":98,"column":8}},{"start":{"line":98,"column":8},"end":{"line":98,"column":8}}]}}},"contracts/interfaces/IDiamondCut.sol":{"l":{},"path":"/home/shiva/playground/v3/diamond-dapp/backend/contracts/interfaces/IDiamondCut.sol","s":{},"b":{},"f":{},"fnMap":{},"statementMap":{},"branchMap":{}},"contracts/interfaces/IDiamondLoupe.sol":{"l":{},"path":"/home/shiva/playground/v3/diamond-dapp/backend/contracts/interfaces/IDiamondLoupe.sol","s":{},"b":{},"f":{},"fnMap":{},"statementMap":{},"branchMap":{}},"contracts/interfaces/IERC165.sol":{"l":{},"path":"/home/shiva/playground/v3/diamond-dapp/backend/contracts/interfaces/IERC165.sol","s":{},"b":{},"f":{},"fnMap":{},"statementMap":{},"branchMap":{}},"contracts/interfaces/IERC173.sol":{"l":{},"path":"/home/shiva/playground/v3/diamond-dapp/backend/contracts/interfaces/IERC173.sol","s":{},"b":{},"f":{},"fnMap":{},"statementMap":{},"branchMap":{}},"contracts/interfaces/IERC721.sol":{"l":{},"path":"/home/shiva/playground/v3/diamond-dapp/backend/contracts/interfaces/IERC721.sol","s":{},"b":{},"f":{},"fnMap":{},"statementMap":{},"branchMap":{}},"contracts/libraries/Base64.sol":{"l":{"19":1,"20":1,"23":1,"26":1,"28":1,"30":1,"76":1},"path":"/home/shiva/playground/v3/diamond-dapp/backend/contracts/libraries/Base64.sol","s":{"1":1,"2":1,"3":0,"4":1,"5":1,"6":1,"7":1},"b":{"1":[0,1]},"f":{"1":1},"fnMap":{"1":{"name":"encode","line":18,"loc":{"start":{"line":18,"column":4},"end":{"line":77,"column":4}}}},"statementMap":{"1":{"start":{"line":19,"column":8},"end":{"line":19,"column":33}},"2":{"start":{"line":20,"column":8},"end":{"line":20,"column":31}},"3":{"start":{"line":20,"column":22},"end":{"line":20,"column":31}},"4":{"start":{"line":23,"column":8},"end":{"line":23,"column":48}},"5":{"start":{"line":26,"column":8},"end":{"line":26,"column":56}},"6":{"start":{"line":28,"column":8},"end":{"line":28,"column":34}},"7":{"start":{"line":76,"column":8},"end":{"line":76,"column":29}}},"branchMap":{"1":{"line":20,"type":"if","locations":[{"start":{"line":20,"column":8},"end":{"line":20,"column":8}},{"start":{"line":20,"column":8},"end":{"line":20,"column":8}}]}}},"contracts/libraries/LibAppStorage.sol":{"l":{"79":77,"85":0},"path":"/home/shiva/playground/v3/diamond-dapp/backend/contracts/libraries/LibAppStorage.sol","s":{"1":0},"b":{},"f":{"1":77,"2":0},"fnMap":{"1":{"name":"diamondStorage","line":78,"loc":{"start":{"line":78,"column":4},"end":{"line":82,"column":4}}},"2":{"name":"abs","line":84,"loc":{"start":{"line":84,"column":4},"end":{"line":86,"column":4}}}},"statementMap":{"1":{"start":{"line":85,"column":8},"end":{"line":85,"column":39}}},"branchMap":{}},"contracts/libraries/LibDiamond.sol":{"l":{"28":31,"29":31,"37":3,"38":3,"39":3,"40":3,"44":0,"48":8,"59":6,"60":7,"61":7,"62":7,"64":0,"66":0,"68":0,"71":6,"72":6,"76":7,"77":7,"78":7,"79":7,"80":7,"81":7,"82":37,"83":37,"84":37,"85":37,"86":37,"87":37,"92":0,"93":0,"94":0,"95":0,"96":0,"97":0,"98":0,"100":0,"101":0,"102":0,"104":0,"109":0,"110":0,"111":0,"112":0,"113":0,"114":0,"115":0,"116":0,"118":0,"120":0,"121":0,"122":0,"123":0,"124":0,"127":0,"128":0,"133":6,"134":5,"136":1,"137":1,"138":1,"140":1,"141":1,"142":0,"144":0,"146":0,"153":8,"154":8,"157":8},"path":"/home/shiva/playground/v3/diamond-dapp/backend/contracts/libraries/LibDiamond.sol","s":{"1":31,"2":3,"3":3,"4":3,"5":3,"6":0,"7":8,"8":6,"9":7,"10":7,"11":7,"12":0,"13":0,"14":0,"15":0,"16":0,"17":6,"18":6,"19":7,"20":7,"21":7,"22":7,"23":7,"24":7,"25":37,"26":37,"27":37,"28":37,"29":37,"30":0,"31":0,"32":0,"33":0,"34":0,"35":0,"36":0,"37":0,"38":0,"39":0,"40":0,"41":0,"42":0,"43":0,"44":0,"45":0,"46":0,"47":0,"48":0,"49":0,"50":0,"51":0,"52":0,"53":0,"54":0,"55":6,"56":5,"57":1,"58":1,"59":1,"60":1,"61":1,"62":0,"63":0,"64":0,"65":8,"66":8},"b":{"1":[6,2],"2":[7,0],"3":[0,0],"4":[0,0],"5":[7,0],"6":[7,0],"7":[37,0],"8":[0,0],"9":[0,0],"10":[0,0],"11":[0,0],"12":[0,0],"13":[0,0],"14":[0,0],"15":[0,0],"16":[0,0],"17":[0,0],"18":[5,1],"19":[5,0],"20":[1,0],"21":[1,0],"22":[0,1],"23":[0,0],"24":[8,0]},"f":{"1":31,"2":3,"3":0,"4":8,"5":6,"6":7,"7":0,"8":0,"9":6,"10":8},"fnMap":{"1":{"name":"diamondStorage","line":27,"loc":{"start":{"line":27,"column":4},"end":{"line":32,"column":4}}},"2":{"name":"setContractOwner","line":36,"loc":{"start":{"line":36,"column":4},"end":{"line":41,"column":4}}},"3":{"name":"contractOwner","line":43,"loc":{"start":{"line":43,"column":4},"end":{"line":45,"column":4}}},"4":{"name":"enforceIsContractOwner","line":47,"loc":{"start":{"line":47,"column":4},"end":{"line":49,"column":4}}},"5":{"name":"diamondCut","line":54,"loc":{"start":{"line":54,"column":4},"end":{"line":73,"column":4}}},"6":{"name":"addFunctions","line":75,"loc":{"start":{"line":75,"column":4},"end":{"line":89,"column":4}}},"7":{"name":"replaceFunctions","line":91,"loc":{"start":{"line":91,"column":4},"end":{"line":106,"column":4}}},"8":{"name":"removeFunctions","line":108,"loc":{"start":{"line":108,"column":4},"end":{"line":130,"column":4}}},"9":{"name":"initializeDiamondCut","line":132,"loc":{"start":{"line":132,"column":4},"end":{"line":150,"column":4}}},"10":{"name":"enforceHasContractCode","line":152,"loc":{"start":{"line":152,"column":4},"end":{"line":158,"column":4}}}},"statementMap":{"1":{"start":{"line":28,"column":8},"end":{"line":28,"column":51}},"2":{"start":{"line":37,"column":8},"end":{"line":37,"column":52}},"3":{"start":{"line":38,"column":8},"end":{"line":38,"column":48}},"4":{"start":{"line":39,"column":8},"end":{"line":39,"column":35}},"5":{"start":{"line":40,"column":8},"end":{"line":40,"column":59}},"6":{"start":{"line":44,"column":8},"end":{"line":44,"column":54}},"7":{"start":{"line":48,"column":8},"end":{"line":48,"column":98}},"8":{"start":{"line":59,"column":8},"end":{"line":59,"column":2183}},"9":{"start":{"line":60,"column":12},"end":{"line":60,"column":78}},"10":{"start":{"line":61,"column":12},"end":{"line":61,"column":2353}},"11":{"start":{"line":62,"column":16},"end":{"line":62,"column":108}},"12":{"start":{"line":63,"column":19},"end":{"line":63,"column":2531}},"13":{"start":{"line":64,"column":16},"end":{"line":64,"column":112}},"14":{"start":{"line":65,"column":19},"end":{"line":65,"column":2717}},"15":{"start":{"line":66,"column":16},"end":{"line":66,"column":111}},"16":{"start":{"line":68,"column":16},"end":{"line":68,"column":64}},"17":{"start":{"line":71,"column":8},"end":{"line":71,"column":54}},"18":{"start":{"line":72,"column":8},"end":{"line":72,"column":45}},"19":{"start":{"line":76,"column":8},"end":{"line":76,"column":92}},"20":{"start":{"line":77,"column":8},"end":{"line":77,"column":52}},"21":{"start":{"line":78,"column":8},"end":{"line":78,"column":58}},"22":{"start":{"line":79,"column":8},"end":{"line":79,"column":91}},"23":{"start":{"line":80,"column":8},"end":{"line":80,"column":84}},"24":{"start":{"line":81,"column":8},"end":{"line":81,"column":3595}},"25":{"start":{"line":82,"column":12},"end":{"line":82,"column":63}},"26":{"start":{"line":83,"column":12},"end":{"line":83,"column":95}},"27":{"start":{"line":84,"column":12},"end":{"line":84,"column":106}},"28":{"start":{"line":85,"column":12},"end":{"line":85,"column":119}},"29":{"start":{"line":86,"column":12},"end":{"line":86,"column":38}},"30":{"start":{"line":92,"column":8},"end":{"line":92,"column":92}},"31":{"start":{"line":93,"column":8},"end":{"line":93,"column":52}},"32":{"start":{"line":94,"column":8},"end":{"line":94,"column":95}},"33":{"start":{"line":95,"column":8},"end":{"line":95,"column":88}},"34":{"start":{"line":96,"column":8},"end":{"line":96,"column":4611}},"35":{"start":{"line":97,"column":12},"end":{"line":97,"column":63}},"36":{"start":{"line":98,"column":12},"end":{"line":98,"column":95}},"37":{"start":{"line":100,"column":12},"end":{"line":100,"column":103}},"38":{"start":{"line":101,"column":12},"end":{"line":101,"column":112}},"39":{"start":{"line":102,"column":12},"end":{"line":102,"column":109}},"40":{"start":{"line":104,"column":12},"end":{"line":104,"column":84}},"41":{"start":{"line":109,"column":8},"end":{"line":109,"column":92}},"42":{"start":{"line":110,"column":8},"end":{"line":110,"column":52}},"43":{"start":{"line":111,"column":8},"end":{"line":111,"column":51}},"44":{"start":{"line":112,"column":8},"end":{"line":112,"column":101}},"45":{"start":{"line":113,"column":8},"end":{"line":113,"column":5848}},"46":{"start":{"line":114,"column":12},"end":{"line":114,"column":63}},"47":{"start":{"line":115,"column":12},"end":{"line":115,"column":132}},"48":{"start":{"line":116,"column":12},"end":{"line":116,"column":140}},"49":{"start":{"line":118,"column":12},"end":{"line":118,"column":135}},"50":{"start":{"line":121,"column":12},"end":{"line":121,"column":6607}},"51":{"start":{"line":122,"column":16},"end":{"line":122,"column":65}},"52":{"start":{"line":123,"column":16},"end":{"line":123,"column":95}},"53":{"start":{"line":124,"column":16},"end":{"line":124,"column":134}},"54":{"start":{"line":127,"column":12},"end":{"line":127,"column":29}},"55":{"start":{"line":133,"column":8},"end":{"line":133,"column":7237}},"56":{"start":{"line":134,"column":12},"end":{"line":134,"column":105}},"57":{"start":{"line":136,"column":12},"end":{"line":136,"column":105}},"58":{"start":{"line":137,"column":12},"end":{"line":137,"column":7513}},"59":{"start":{"line":138,"column":16},"end":{"line":138,"column":88}},"60":{"start":{"line":140,"column":12},"end":{"line":140,"column":78}},"61":{"start":{"line":141,"column":12},"end":{"line":141,"column":7740}},"62":{"start":{"line":142,"column":16},"end":{"line":142,"column":7776}},"63":{"start":{"line":144,"column":20},"end":{"line":144,"column":40}},"64":{"start":{"line":146,"column":20},"end":{"line":146,"column":67}},"65":{"start":{"line":153,"column":8},"end":{"line":153,"column":28}},"66":{"start":{"line":157,"column":8},"end":{"line":157,"column":47}}},"branchMap":{"1":{"line":48,"type":"if","locations":[{"start":{"line":48,"column":8},"end":{"line":48,"column":8}},{"start":{"line":48,"column":8},"end":{"line":48,"column":8}}]},"2":{"line":61,"type":"if","locations":[{"start":{"line":61,"column":12},"end":{"line":61,"column":12}},{"start":{"line":61,"column":12},"end":{"line":61,"column":12}}]},"3":{"line":63,"type":"if","locations":[{"start":{"line":63,"column":19},"end":{"line":63,"column":19}},{"start":{"line":63,"column":19},"end":{"line":63,"column":19}}]},"4":{"line":65,"type":"if","locations":[{"start":{"line":65,"column":19},"end":{"line":65,"column":19}},{"start":{"line":65,"column":19},"end":{"line":65,"column":19}}]},"5":{"line":76,"type":"if","locations":[{"start":{"line":76,"column":8},"end":{"line":76,"column":8}},{"start":{"line":76,"column":8},"end":{"line":76,"column":8}}]},"6":{"line":79,"type":"if","locations":[{"start":{"line":79,"column":8},"end":{"line":79,"column":8}},{"start":{"line":79,"column":8},"end":{"line":79,"column":8}}]},"7":{"line":84,"type":"if","locations":[{"start":{"line":84,"column":12},"end":{"line":84,"column":12}},{"start":{"line":84,"column":12},"end":{"line":84,"column":12}}]},"8":{"line":92,"type":"if","locations":[{"start":{"line":92,"column":8},"end":{"line":92,"column":8}},{"start":{"line":92,"column":8},"end":{"line":92,"column":8}}]},"9":{"line":94,"type":"if","locations":[{"start":{"line":94,"column":8},"end":{"line":94,"column":8}},{"start":{"line":94,"column":8},"end":{"line":94,"column":8}}]},"10":{"line":100,"type":"if","locations":[{"start":{"line":100,"column":12},"end":{"line":100,"column":12}},{"start":{"line":100,"column":12},"end":{"line":100,"column":12}}]},"11":{"line":101,"type":"if","locations":[{"start":{"line":101,"column":12},"end":{"line":101,"column":12}},{"start":{"line":101,"column":12},"end":{"line":101,"column":12}}]},"12":{"line":102,"type":"if","locations":[{"start":{"line":102,"column":12},"end":{"line":102,"column":12}},{"start":{"line":102,"column":12},"end":{"line":102,"column":12}}]},"13":{"line":109,"type":"if","locations":[{"start":{"line":109,"column":8},"end":{"line":109,"column":8}},{"start":{"line":109,"column":8},"end":{"line":109,"column":8}}]},"14":{"line":112,"type":"if","locations":[{"start":{"line":112,"column":8},"end":{"line":112,"column":8}},{"start":{"line":112,"column":8},"end":{"line":112,"column":8}}]},"15":{"line":116,"type":"if","locations":[{"start":{"line":116,"column":12},"end":{"line":116,"column":12}},{"start":{"line":116,"column":12},"end":{"line":116,"column":12}}]},"16":{"line":118,"type":"if","locations":[{"start":{"line":118,"column":12},"end":{"line":118,"column":12}},{"start":{"line":118,"column":12},"end":{"line":118,"column":12}}]},"17":{"line":121,"type":"if","locations":[{"start":{"line":121,"column":12},"end":{"line":121,"column":12}},{"start":{"line":121,"column":12},"end":{"line":121,"column":12}}]},"18":{"line":133,"type":"if","locations":[{"start":{"line":133,"column":8},"end":{"line":133,"column":8}},{"start":{"line":133,"column":8},"end":{"line":133,"column":8}}]},"19":{"line":134,"type":"if","locations":[{"start":{"line":134,"column":12},"end":{"line":134,"column":12}},{"start":{"line":134,"column":12},"end":{"line":134,"column":12}}]},"20":{"line":136,"type":"if","locations":[{"start":{"line":136,"column":12},"end":{"line":136,"column":12}},{"start":{"line":136,"column":12},"end":{"line":136,"column":12}}]},"21":{"line":137,"type":"if","locations":[{"start":{"line":137,"column":12},"end":{"line":137,"column":12}},{"start":{"line":137,"column":12},"end":{"line":137,"column":12}}]},"22":{"line":141,"type":"if","locations":[{"start":{"line":141,"column":12},"end":{"line":141,"column":12}},{"start":{"line":141,"column":12},"end":{"line":141,"column":12}}]},"23":{"line":142,"type":"if","locations":[{"start":{"line":142,"column":16},"end":{"line":142,"column":16}},{"start":{"line":142,"column":16},"end":{"line":142,"column":16}}]},"24":{"line":157,"type":"if","locations":[{"start":{"line":157,"column":8},"end":{"line":157,"column":8}},{"start":{"line":157,"column":8},"end":{"line":157,"column":8}}]}}},"contracts/libraries/LibERC721.sol":{"l":{"9":0,"10":0,"11":0,"15":25,"16":25,"17":25,"21":37,"22":37,"23":37,"24":37,"28":0,"29":0,"31":0,"33":0,"34":0,"35":0,"36":0,"38":0,"43":0,"44":0,"45":0,"57":0,"59":0,"65":8,"66":8,"72":6,"73":6},"path":"/home/shiva/playground/v3/diamond-dapp/backend/contracts/libraries/LibERC721.sol","s":{"1":0,"2":0,"3":0,"4":25,"5":25,"6":25,"7":37,"8":37,"9":37,"10":37,"11":0,"12":0,"13":0,"14":0,"15":0,"16":0,"17":0,"18":0,"19":0,"20":0,"21":0,"22":0,"23":0,"24":8,"25":8,"26":6,"27":6},"b":{"1":[0,0],"2":[25,0],"3":[37,0],"4":[0,0],"5":[0,0]},"f":{"1":0,"2":25,"3":37,"4":0,"5":0,"6":8,"7":6},"fnMap":{"1":{"name":"_tokenOfOwnerByIndex","line":8,"loc":{"start":{"line":8,"column":4},"end":{"line":12,"column":4}}},"2":{"name":"_balanceOf","line":14,"loc":{"start":{"line":14,"column":4},"end":{"line":18,"column":4}}},"3":{"name":"_ownerOf","line":20,"loc":{"start":{"line":20,"column":4},"end":{"line":25,"column":4}}},"4":{"name":"_tokensOfOwner","line":27,"loc":{"start":{"line":27,"column":4},"end":{"line":40,"column":4}}},"5":{"name":"isReserved","line":42,"loc":{"start":{"line":42,"column":4},"end":{"line":60,"column":4}}},"6":{"name":"getNFTHolders","line":63,"loc":{"start":{"line":63,"column":4},"end":{"line":68,"column":4}}},"7":{"name":"getNFTHolderAttributes","line":70,"loc":{"start":{"line":70,"column":4},"end":{"line":75,"column":4}}}},"statementMap":{"1":{"start":{"line":9,"column":8},"end":{"line":9,"column":61}},"2":{"start":{"line":10,"column":8},"end":{"line":10,"column":88}},"3":{"start":{"line":11,"column":8},"end":{"line":11,"column":43}},"4":{"start":{"line":15,"column":8},"end":{"line":15,"column":61}},"5":{"start":{"line":16,"column":8},"end":{"line":16,"column":81}},"6":{"start":{"line":17,"column":8},"end":{"line":17,"column":33}},"7":{"start":{"line":21,"column":8},"end":{"line":21,"column":61}},"8":{"start":{"line":22,"column":8},"end":{"line":22,"column":42}},"9":{"start":{"line":23,"column":8},"end":{"line":23,"column":80}},"10":{"start":{"line":24,"column":8},"end":{"line":24,"column":20}},"11":{"start":{"line":28,"column":8},"end":{"line":28,"column":47}},"12":{"start":{"line":29,"column":8},"end":{"line":29,"column":1200}},"13":{"start":{"line":31,"column":12},"end":{"line":31,"column":35}},"14":{"start":{"line":33,"column":12},"end":{"line":33,"column":63}},"15":{"start":{"line":34,"column":12},"end":{"line":34,"column":25}},"16":{"start":{"line":35,"column":12},"end":{"line":35,"column":1422}},"17":{"start":{"line":36,"column":16},"end":{"line":36,"column":66}},"18":{"start":{"line":38,"column":12},"end":{"line":38,"column":25}},"19":{"start":{"line":43,"column":8},"end":{"line":43,"column":39}},"20":{"start":{"line":44,"column":8},"end":{"line":44,"column":43}},"21":{"start":{"line":45,"column":8},"end":{"line":45,"column":1758}},"22":{"start":{"line":57,"column":12},"end":{"line":57,"column":20}},"23":{"start":{"line":59,"column":8},"end":{"line":59,"column":16}},"24":{"start":{"line":65,"column":8},"end":{"line":65,"column":61}},"25":{"start":{"line":66,"column":8},"end":{"line":66,"column":31}},"26":{"start":{"line":72,"column":8},"end":{"line":72,"column":61}},"27":{"start":{"line":73,"column":8},"end":{"line":73,"column":45}}},"branchMap":{"1":{"line":10,"type":"if","locations":[{"start":{"line":10,"column":8},"end":{"line":10,"column":8}},{"start":{"line":10,"column":8},"end":{"line":10,"column":8}}]},"2":{"line":16,"type":"if","locations":[{"start":{"line":16,"column":8},"end":{"line":16,"column":8}},{"start":{"line":16,"column":8},"end":{"line":16,"column":8}}]},"3":{"line":23,"type":"if","locations":[{"start":{"line":23,"column":8},"end":{"line":23,"column":8}},{"start":{"line":23,"column":8},"end":{"line":23,"column":8}}]},"4":{"line":29,"type":"if","locations":[{"start":{"line":29,"column":8},"end":{"line":29,"column":8}},{"start":{"line":29,"column":8},"end":{"line":29,"column":8}}]},"5":{"line":45,"type":"if","locations":[{"start":{"line":45,"column":8},"end":{"line":45,"column":8}},{"start":{"line":45,"column":8},"end":{"line":45,"column":8}}]}}},"contracts/libraries/LibMeta.sol":{"l":{"6":6,"10":0,"11":0,"12":0,"15":0},"path":"/home/shiva/playground/v3/diamond-dapp/backend/contracts/libraries/LibMeta.sol","s":{"1":6,"2":0,"3":0,"4":0,"5":0},"b":{"1":[0,0]},"f":{"1":6,"2":0},"fnMap":{"1":{"name":"msgSender","line":5,"loc":{"start":{"line":5,"column":4},"end":{"line":7,"column":4}}},"2":{"name":"checkContains","line":9,"loc":{"start":{"line":9,"column":4},"end":{"line":16,"column":4}}}},"statementMap":{"1":{"start":{"line":6,"column":8},"end":{"line":6,"column":27}},"2":{"start":{"line":10,"column":8},"end":{"line":10,"column":291}},"3":{"start":{"line":11,"column":12},"end":{"line":11,"column":350}},"4":{"start":{"line":12,"column":16},"end":{"line":12,"column":27}},"5":{"start":{"line":15,"column":8},"end":{"line":15,"column":20}}},"branchMap":{"1":{"line":11,"type":"if","locations":[{"start":{"line":11,"column":12},"end":{"line":11,"column":12}},{"start":{"line":11,"column":12},"end":{"line":11,"column":12}}]}}},"contracts/libraries/LibStakeStorage.sol":{"l":{"20":6,"22":6},"path":"/home/shiva/playground/v3/diamond-dapp/backend/contracts/libraries/LibStakeStorage.sol","s":{"1":6},"b":{},"f":{"1":6},"fnMap":{"1":{"name":"diamondStorage","line":18,"loc":{"start":{"line":18,"column":8},"end":{"line":25,"column":8}}}},"statementMap":{"1":{"start":{"line":20,"column":12},"end":{"line":20,"column":82}}},"branchMap":{}},"contracts/tokens/ERC721Diamond.sol":{"l":{"30":0,"41":0,"45":0,"49":0,"50":0,"54":25,"58":37,"62":0,"64":0,"65":0,"69":0,"73":2,"75":2,"78":2,"84":2,"88":0,"90":0,"94":0,"96":0,"97":0,"101":0,"111":4,"113":4,"121":0,"130":0,"131":0,"140":0,"141":0,"146":26,"150":5,"155":4,"156":4,"157":4,"159":4,"163":4,"167":17,"175":17,"176":17,"183":17,"184":17,"186":17,"188":17,"189":17,"191":17,"195":0,"197":0,"199":0,"201":0,"202":0,"204":0,"212":4,"213":4,"215":4,"217":4,"219":4,"220":4,"221":4,"223":4,"228":6,"229":6,"238":17,"239":0,"240":0,"242":0,"243":0,"245":0,"251":17,"261":21,"262":17,"264":4,"266":21,"267":0,"269":21,"274":21,"275":21,"276":21,"280":17,"281":17,"285":4,"286":4,"288":4,"289":3,"291":3,"292":3,"295":4,"296":4,"300":0,"301":0,"303":0,"305":0,"306":0,"308":0,"309":0},"path":"/home/shiva/playground/v3/diamond-dapp/backend/contracts/tokens/ERC721Diamond.sol","s":{"1":0,"2":0,"3":0,"4":0,"5":0,"6":25,"7":37,"8":0,"9":0,"10":0,"11":0,"12":2,"13":2,"14":2,"15":2,"16":0,"17":0,"18":0,"19":0,"20":0,"21":0,"22":4,"23":4,"24":0,"25":0,"26":0,"27":0,"28":0,"29":26,"30":5,"31":4,"32":4,"33":4,"34":4,"35":4,"36":17,"37":17,"38":17,"39":17,"40":17,"41":17,"42":17,"43":17,"44":17,"45":0,"46":0,"47":0,"48":0,"49":0,"50":4,"51":4,"52":4,"53":4,"54":4,"55":4,"56":4,"57":4,"58":6,"59":6,"60":17,"61":0,"62":0,"63":0,"64":0,"65":17,"66":21,"67":17,"68":4,"69":4,"70":21,"71":0,"72":21,"73":21,"74":21,"75":21,"76":21,"77":17,"78":17,"79":4,"80":4,"81":4,"82":3,"83":3,"84":3,"85":0,"86":0,"87":0,"88":0,"89":0,"90":0},"b":{"1":[0,0],"2":[0,0],"3":[2,0],"4":[2,0],"5":[0,0],"6":[0,0],"7":[4,0],"8":[0,0],"9":[0,0],"10":[4,0],"11":[17,0],"12":[17,0],"13":[17,0],"14":[4,0],"15":[4,0],"16":[0,17],"17":[0,0],"18":[17,4],"19":[4,0],"20":[0,21],"21":[21,0],"22":[3,1]},"f":{"1":0,"2":0,"3":0,"4":0,"5":25,"6":37,"7":0,"8":0,"9":2,"10":0,"11":0,"12":0,"13":4,"14":0,"15":0,"16":0,"17":26,"18":5,"19":4,"20":17,"21":17,"22":17,"23":0,"24":4,"25":6,"26":17,"27":21,"28":21,"29":17,"30":4,"31":0},"fnMap":{"1":{"name":"supportsInterface","line":29,"loc":{"start":{"line":29,"column":4},"end":{"line":38,"column":4}}},"2":{"name":"totalSupply","line":40,"loc":{"start":{"line":40,"column":4},"end":{"line":42,"column":4}}},"3":{"name":"tokenOfOwnerByIndex","line":44,"loc":{"start":{"line":44,"column":4},"end":{"line":46,"column":4}}},"4":{"name":"tokenByIndex","line":48,"loc":{"start":{"line":48,"column":4},"end":{"line":51,"column":4}}},"5":{"name":"balanceOf","line":53,"loc":{"start":{"line":53,"column":4},"end":{"line":55,"column":4}}},"6":{"name":"ownerOf","line":57,"loc":{"start":{"line":57,"column":4},"end":{"line":59,"column":4}}},"7":{"name":"tokenURI","line":61,"loc":{"start":{"line":61,"column":4},"end":{"line":66,"column":4}}},"8":{"name":"_baseURI","line":68,"loc":{"start":{"line":68,"column":4},"end":{"line":70,"column":4}}},"9":{"name":"approve","line":72,"loc":{"start":{"line":72,"column":4},"end":{"line":85,"column":4}}},"10":{"name":"getApproved","line":87,"loc":{"start":{"line":87,"column":4},"end":{"line":91,"column":4}}},"11":{"name":"setApprovalForAll","line":93,"loc":{"start":{"line":93,"column":4},"end":{"line":98,"column":4}}},"12":{"name":"isApprovedForAll","line":100,"loc":{"start":{"line":100,"column":4},"end":{"line":102,"column":4}}},"13":{"name":"transferFrom","line":104,"loc":{"start":{"line":104,"column":4},"end":{"line":114,"column":4}}},"14":{"name":"safeTransferFrom","line":116,"loc":{"start":{"line":116,"column":4},"end":{"line":122,"column":4}}},"15":{"name":"safeTransferFrom","line":124,"loc":{"start":{"line":124,"column":4},"end":{"line":132,"column":4}}},"16":{"name":"_safeTransfer","line":134,"loc":{"start":{"line":134,"column":4},"end":{"line":142,"column":4}}},"17":{"name":"_exists","line":144,"loc":{"start":{"line":144,"column":4},"end":{"line":147,"column":4}}},"18":{"name":"exists","line":149,"loc":{"start":{"line":149,"column":4},"end":{"line":151,"column":4}}},"19":{"name":"_isApprovedOrOwner","line":153,"loc":{"start":{"line":153,"column":4},"end":{"line":164,"column":4}}},"20":{"name":"_safeMint","line":166,"loc":{"start":{"line":166,"column":4},"end":{"line":168,"column":4}}},"21":{"name":"_safeMint","line":170,"loc":{"start":{"line":170,"column":4},"end":{"line":180,"column":4}}},"22":{"name":"_mint","line":182,"loc":{"start":{"line":182,"column":4},"end":{"line":192,"column":4}}},"23":{"name":"_burn","line":194,"loc":{"start":{"line":194,"column":4},"end":{"line":205,"column":4}}},"24":{"name":"_transfer","line":207,"loc":{"start":{"line":207,"column":4},"end":{"line":224,"column":4}}},"25":{"name":"_approve","line":227,"loc":{"start":{"line":227,"column":4},"end":{"line":230,"column":4}}},"26":{"name":"_checkOnERC721Received","line":232,"loc":{"start":{"line":232,"column":4},"end":{"line":253,"column":4}}},"27":{"name":"_beforeTokenTransfer","line":256,"loc":{"start":{"line":256,"column":4},"end":{"line":271,"column":4}}},"28":{"name":"_addTokenToOwnerEnumeration","line":273,"loc":{"start":{"line":273,"column":4},"end":{"line":277,"column":4}}},"29":{"name":"_addTokenToAllTokensEnumeration","line":279,"loc":{"start":{"line":279,"column":4},"end":{"line":282,"column":4}}},"30":{"name":"_removeTokenFromOwnerEnumeration","line":284,"loc":{"start":{"line":284,"column":4},"end":{"line":297,"column":4}}},"31":{"name":"_removeTokenFromAllTokensEnumeration","line":299,"loc":{"start":{"line":299,"column":4},"end":{"line":310,"column":4}}}},"statementMap":{"1":{"start":{"line":30,"column":8},"end":{"line":30,"column":1245}},"2":{"start":{"line":41,"column":8},"end":{"line":41,"column":34}},"3":{"start":{"line":45,"column":8},"end":{"line":45,"column":59}},"4":{"start":{"line":49,"column":8},"end":{"line":49,"column":85}},"5":{"start":{"line":50,"column":8},"end":{"line":50,"column":34}},"6":{"start":{"line":54,"column":8},"end":{"line":54,"column":42}},"7":{"start":{"line":58,"column":8},"end":{"line":58,"column":42}},"8":{"start":{"line":62,"column":8},"end":{"line":62,"column":85}},"9":{"start":{"line":64,"column":8},"end":{"line":64,"column":42}},"10":{"start":{"line":65,"column":8},"end":{"line":65,"column":101}},"11":{"start":{"line":69,"column":8},"end":{"line":69,"column":17}},"12":{"start":{"line":73,"column":8},"end":{"line":73,"column":40}},"13":{"start":{"line":75,"column":8},"end":{"line":75,"column":64}},"14":{"start":{"line":78,"column":8},"end":{"line":78,"column":3051}},"15":{"start":{"line":84,"column":8},"end":{"line":84,"column":28}},"16":{"start":{"line":88,"column":8},"end":{"line":88,"column":80}},"17":{"start":{"line":90,"column":8},"end":{"line":90,"column":41}},"18":{"start":{"line":94,"column":8},"end":{"line":94,"column":76}},"19":{"start":{"line":96,"column":8},"end":{"line":96,"column":69}},"20":{"start":{"line":97,"column":8},"end":{"line":97,"column":68}},"21":{"start":{"line":101,"column":8},"end":{"line":101,"column":52}},"22":{"start":{"line":111,"column":8},"end":{"line":111,"column":117}},"23":{"start":{"line":113,"column":8},"end":{"line":113,"column":35}},"24":{"start":{"line":121,"column":8},"end":{"line":121,"column":46}},"25":{"start":{"line":130,"column":8},"end":{"line":130,"column":117}},"26":{"start":{"line":131,"column":8},"end":{"line":131,"column":46}},"27":{"start":{"line":140,"column":8},"end":{"line":140,"column":35}},"28":{"start":{"line":141,"column":8},"end":{"line":141,"column":118}},"29":{"start":{"line":146,"column":8},"end":{"line":146,"column":47}},"30":{"start":{"line":150,"column":8},"end":{"line":150,"column":31}},"31":{"start":{"line":155,"column":8},"end":{"line":155,"column":27}},"32":{"start":{"line":156,"column":8},"end":{"line":156,"column":35}},"33":{"start":{"line":157,"column":8},"end":{"line":157,"column":80}},"34":{"start":{"line":159,"column":8},"end":{"line":159,"column":40}},"35":{"start":{"line":163,"column":8},"end":{"line":163,"column":104}},"36":{"start":{"line":167,"column":8},"end":{"line":167,"column":33}},"37":{"start":{"line":175,"column":8},"end":{"line":175,"column":25}},"38":{"start":{"line":176,"column":8},"end":{"line":176,"column":6413}},"39":{"start":{"line":183,"column":8},"end":{"line":183,"column":68}},"40":{"start":{"line":184,"column":8},"end":{"line":184,"column":65}},"41":{"start":{"line":186,"column":8},"end":{"line":186,"column":52}},"42":{"start":{"line":188,"column":8},"end":{"line":188,"column":27}},"43":{"start":{"line":189,"column":8},"end":{"line":189,"column":30}},"44":{"start":{"line":191,"column":8},"end":{"line":191,"column":46}},"45":{"start":{"line":195,"column":8},"end":{"line":195,"column":40}},"46":{"start":{"line":197,"column":8},"end":{"line":197,"column":55}},"47":{"start":{"line":199,"column":8},"end":{"line":199,"column":36}},"48":{"start":{"line":201,"column":8},"end":{"line":201,"column":30}},"49":{"start":{"line":204,"column":8},"end":{"line":204,"column":49}},"50":{"start":{"line":212,"column":8},"end":{"line":212,"column":85}},"51":{"start":{"line":213,"column":8},"end":{"line":213,"column":72}},"52":{"start":{"line":215,"column":8},"end":{"line":215,"column":46}},"53":{"start":{"line":217,"column":8},"end":{"line":217,"column":36}},"54":{"start":{"line":219,"column":8},"end":{"line":219,"column":29}},"55":{"start":{"line":220,"column":8},"end":{"line":220,"column":27}},"56":{"start":{"line":221,"column":8},"end":{"line":221,"column":30}},"57":{"start":{"line":223,"column":8},"end":{"line":223,"column":40}},"58":{"start":{"line":228,"column":8},"end":{"line":228,"column":38}},"59":{"start":{"line":229,"column":8},"end":{"line":229,"column":52}},"60":{"start":{"line":238,"column":8},"end":{"line":238,"column":8136}},"61":{"start":{"line":239,"column":12},"end":{"line":239,"column":8175}},"62":{"start":{"line":240,"column":16},"end":{"line":240,"column":74}},"63":{"start":{"line":242,"column":16},"end":{"line":242,"column":8425}},"64":{"start":{"line":243,"column":20},"end":{"line":243,"column":79}},"65":{"start":{"line":251,"column":12},"end":{"line":251,"column":23}},"66":{"start":{"line":261,"column":8},"end":{"line":261,"column":8892}},"67":{"start":{"line":262,"column":12},"end":{"line":262,"column":51}},"68":{"start":{"line":263,"column":15},"end":{"line":263,"column":8987}},"69":{"start":{"line":264,"column":12},"end":{"line":264,"column":58}},"70":{"start":{"line":266,"column":8},"end":{"line":266,"column":9084}},"71":{"start":{"line":267,"column":12},"end":{"line":267,"column":56}},"72":{"start":{"line":268,"column":15},"end":{"line":268,"column":9182}},"73":{"start":{"line":269,"column":12},"end":{"line":269,"column":51}},"74":{"start":{"line":274,"column":8},"end":{"line":274,"column":38}},"75":{"start":{"line":275,"column":8},"end":{"line":275,"column":43}},"76":{"start":{"line":276,"column":8},"end":{"line":276,"column":44}},"77":{"start":{"line":280,"column":8},"end":{"line":280,"column":55}},"78":{"start":{"line":281,"column":8},"end":{"line":281,"column":33}},"79":{"start":{"line":285,"column":8},"end":{"line":285,"column":52}},"80":{"start":{"line":286,"column":8},"end":{"line":286,"column":57}},"81":{"start":{"line":288,"column":8},"end":{"line":288,"column":9873}},"82":{"start":{"line":289,"column":12},"end":{"line":289,"column":70}},"83":{"start":{"line":291,"column":12},"end":{"line":291,"column":57}},"84":{"start":{"line":292,"column":12},"end":{"line":292,"column":56}},"85":{"start":{"line":300,"column":8},"end":{"line":300,"column":56}},"86":{"start":{"line":301,"column":8},"end":{"line":301,"column":55}},"87":{"start":{"line":303,"column":8},"end":{"line":303,"column":58}},"88":{"start":{"line":305,"column":8},"end":{"line":305,"column":45}},"89":{"start":{"line":306,"column":8},"end":{"line":306,"column":50}},"90":{"start":{"line":309,"column":8},"end":{"line":309,"column":25}}},"branchMap":{"1":{"line":49,"type":"if","locations":[{"start":{"line":49,"column":8},"end":{"line":49,"column":8}},{"start":{"line":49,"column":8},"end":{"line":49,"column":8}}]},"2":{"line":62,"type":"if","locations":[{"start":{"line":62,"column":8},"end":{"line":62,"column":8}},{"start":{"line":62,"column":8},"end":{"line":62,"column":8}}]},"3":{"line":75,"type":"if","locations":[{"start":{"line":75,"column":8},"end":{"line":75,"column":8}},{"start":{"line":75,"column":8},"end":{"line":75,"column":8}}]},"4":{"line":78,"type":"if","locations":[{"start":{"line":78,"column":8},"end":{"line":78,"column":8}},{"start":{"line":78,"column":8},"end":{"line":78,"column":8}}]},"5":{"line":88,"type":"if","locations":[{"start":{"line":88,"column":8},"end":{"line":88,"column":8}},{"start":{"line":88,"column":8},"end":{"line":88,"column":8}}]},"6":{"line":94,"type":"if","locations":[{"start":{"line":94,"column":8},"end":{"line":94,"column":8}},{"start":{"line":94,"column":8},"end":{"line":94,"column":8}}]},"7":{"line":111,"type":"if","locations":[{"start":{"line":111,"column":8},"end":{"line":111,"column":8}},{"start":{"line":111,"column":8},"end":{"line":111,"column":8}}]},"8":{"line":130,"type":"if","locations":[{"start":{"line":130,"column":8},"end":{"line":130,"column":8}},{"start":{"line":130,"column":8},"end":{"line":130,"column":8}}]},"9":{"line":141,"type":"if","locations":[{"start":{"line":141,"column":8},"end":{"line":141,"column":8}},{"start":{"line":141,"column":8},"end":{"line":141,"column":8}}]},"10":{"line":157,"type":"if","locations":[{"start":{"line":157,"column":8},"end":{"line":157,"column":8}},{"start":{"line":157,"column":8},"end":{"line":157,"column":8}}]},"11":{"line":176,"type":"if","locations":[{"start":{"line":176,"column":8},"end":{"line":176,"column":8}},{"start":{"line":176,"column":8},"end":{"line":176,"column":8}}]},"12":{"line":183,"type":"if","locations":[{"start":{"line":183,"column":8},"end":{"line":183,"column":8}},{"start":{"line":183,"column":8},"end":{"line":183,"column":8}}]},"13":{"line":184,"type":"if","locations":[{"start":{"line":184,"column":8},"end":{"line":184,"column":8}},{"start":{"line":184,"column":8},"end":{"line":184,"column":8}}]},"14":{"line":212,"type":"if","locations":[{"start":{"line":212,"column":8},"end":{"line":212,"column":8}},{"start":{"line":212,"column":8},"end":{"line":212,"column":8}}]},"15":{"line":213,"type":"if","locations":[{"start":{"line":213,"column":8},"end":{"line":213,"column":8}},{"start":{"line":213,"column":8},"end":{"line":213,"column":8}}]},"16":{"line":238,"type":"if","locations":[{"start":{"line":238,"column":8},"end":{"line":238,"column":8}},{"start":{"line":238,"column":8},"end":{"line":238,"column":8}}]},"17":{"line":242,"type":"if","locations":[{"start":{"line":242,"column":16},"end":{"line":242,"column":16}},{"start":{"line":242,"column":16},"end":{"line":242,"column":16}}]},"18":{"line":261,"type":"if","locations":[{"start":{"line":261,"column":8},"end":{"line":261,"column":8}},{"start":{"line":261,"column":8},"end":{"line":261,"column":8}}]},"19":{"line":263,"type":"if","locations":[{"start":{"line":263,"column":15},"end":{"line":263,"column":15}},{"start":{"line":263,"column":15},"end":{"line":263,"column":15}}]},"20":{"line":266,"type":"if","locations":[{"start":{"line":266,"column":8},"end":{"line":266,"column":8}},{"start":{"line":266,"column":8},"end":{"line":266,"column":8}}]},"21":{"line":268,"type":"if","locations":[{"start":{"line":268,"column":15},"end":{"line":268,"column":15}},{"start":{"line":268,"column":15},"end":{"line":268,"column":15}}]},"22":{"line":288,"type":"if","locations":[{"start":{"line":288,"column":8},"end":{"line":288,"column":8}},{"start":{"line":288,"column":8},"end":{"line":288,"column":8}}]}}},"contracts/upgradeInitializers/DiamondInit.sol":{"l":{"36":1,"37":1,"38":1,"39":1,"40":1,"48":1,"49":1,"50":1,"51":1,"53":1,"61":1,"63":16,"75":1,"76":1},"path":"/home/shiva/playground/v3/diamond-dapp/backend/contracts/upgradeInitializers/DiamondInit.sol","s":{"1":1,"2":1,"3":1,"4":1,"5":1,"6":1,"7":1,"8":1,"9":1,"10":1,"11":1,"12":16,"13":1,"14":1},"b":{},"f":{"1":1},"fnMap":{"1":{"name":"init","line":26,"loc":{"start":{"line":26,"column":4},"end":{"line":78,"column":4}}}},"statementMap":{"1":{"start":{"line":36,"column":8},"end":{"line":36,"column":74}},"2":{"start":{"line":37,"column":8},"end":{"line":37,"column":63}},"3":{"start":{"line":38,"column":8},"end":{"line":38,"column":67}},"4":{"start":{"line":39,"column":8},"end":{"line":39,"column":69}},"5":{"start":{"line":40,"column":8},"end":{"line":40,"column":63}},"6":{"start":{"line":48,"column":8},"end":{"line":48,"column":61}},"7":{"start":{"line":49,"column":8},"end":{"line":49,"column":42}},"8":{"start":{"line":50,"column":8},"end":{"line":50,"column":25}},"9":{"start":{"line":51,"column":8},"end":{"line":51,"column":25}},"10":{"start":{"line":53,"column":8},"end":{"line":53,"column":2459}},"11":{"start":{"line":61,"column":8},"end":{"line":61,"column":2649}},"12":{"start":{"line":63,"column":10},"end":{"line":63,"column":2717}},"13":{"start":{"line":75,"column":8},"end":{"line":75,"column":23}},"14":{"start":{"line":76,"column":8},"end":{"line":76,"column":25}}},"branchMap":{}}}