TN:
SF:/home/shiva/playground/v3/diamond-dapp/backend/contracts/Diamond.sol
FN:15,constructor
FN:32,
FNF:2
FNH:2
FNDA:3,constructor
FNDA:94,
DA:16,3
DA:19,3
DA:20,3
DA:21,3
DA:22,3
DA:27,3
DA:33,94
DA:34,94
DA:36,94
DA:40,94
DA:41,94
DA:43,94
LF:12
LH:12
BRDA:41,1,0,94
BRDA:41,1,1,0
BRF:2
BRH:1
end_of_record
TN:
SF:/home/shiva/playground/v3/diamond-dapp/backend/contracts/facets/DiamondCutFacet.sol
FN:19,diamondCut
FNF:1
FNH:1
FNDA:3,diamondCut
DA:24,3
DA:25,3
LF:2
LH:2
BRF:0
BRH:0
end_of_record
TN:
SF:/home/shiva/playground/v3/diamond-dapp/backend/contracts/facets/DiamondLoupeFacet.sol
FN:23,facets
FN:77,facetFunctionSelectors
FN:99,facetAddresses
FN:136,facetAddress
FN:142,supportsInterface
FNF:5
FNH:3
FNDA:0,facets
FNDA:5,facetFunctionSelectors
FNDA:1,facetAddresses
FNDA:4,facetAddress
FNDA:0,supportsInterface
DA:24,0
DA:25,0
DA:27,0
DA:29,0
DA:31,0
DA:33,0
DA:34,0
DA:35,0
DA:36,0
DA:38,0
DA:39,0
DA:40,0
DA:42,0
DA:43,0
DA:44,0
DA:45,0
DA:49,0
DA:50,0
DA:51,0
DA:54,0
DA:55,0
DA:56,0
DA:57,0
DA:58,0
DA:60,0
DA:61,0
DA:62,0
DA:64,0
DA:69,0
DA:78,5
DA:79,5
DA:80,5
DA:81,5
DA:83,5
DA:84,91
DA:85,91
DA:86,91
DA:87,35
DA:88,35
DA:92,5
DA:100,1
DA:101,1
DA:103,1
DA:104,1
DA:106,1
DA:107,8
DA:108,8
DA:109,8
DA:111,8
DA:112,14
DA:113,5
DA:114,5
DA:118,8
DA:119,5
DA:120,5
DA:123,3
DA:124,3
DA:127,1
DA:137,4
DA:138,4
DA:143,0
DA:144,0
LF:62
LH:31
BRDA:39,1,0,0
BRDA:39,1,1,0
BRDA:42,2,0,0
BRDA:42,2,1,0
BRDA:49,3,0,0
BRDA:49,3,1,0
BRDA:86,4,0,35
BRDA:86,4,1,56
BRDA:112,5,0,5
BRDA:112,5,1,9
BRDA:118,6,0,5
BRDA:118,6,1,3
BRF:12
BRH:6
end_of_record
TN:
SF:/home/shiva/playground/v3/diamond-dapp/backend/contracts/facets/DynamicGameFacet.sol
FN:36,updateFee
FN:48,mintCharacterNFT
FN:82,tokenURI
FN:115,attackBoss
FN:163,checkIfUserHasNFT
FN:187,getBigBoss
FN:196,getAllDefaultCharacters
FN:206,withdraw
FN:217,nftHolders
FN:226,nftHolderAttributes
FN:235,totalTokens
FNF:11
FNH:11
FNDA:2,updateFee
FNDA:19,mintCharacterNFT
FNDA:1,tokenURI
FNDA:4,attackBoss
FNDA:2,checkIfUserHasNFT
FNDA:3,getBigBoss
FNDA:1,getAllDefaultCharacters
FNDA:2,withdraw
FNDA:8,nftHolders
FNDA:6,nftHolderAttributes
FNDA:1,totalTokens
DA:38,2
DA:39,1
DA:49,19
DA:50,17
DA:52,17
DA:54,17
DA:66,17
DA:68,17
DA:69,17
DA:70,17
DA:72,17
DA:84,1
DA:86,1
DA:87,1
DA:88,1
DA:90,1
DA:103,1
DA:107,1
DA:119,4
DA:120,3
DA:122,3
DA:123,3
DA:125,3
DA:131,3
DA:137,3
DA:138,0
DA:140,3
DA:144,3
DA:145,0
DA:147,3
DA:151,3
DA:152,3
DA:153,3
DA:165,2
DA:167,2
DA:168,1
DA:169,1
DA:172,1
DA:174,1
DA:176,16
DA:180,1
DA:189,3
DA:198,1
DA:208,2
DA:209,1
DA:210,1
DA:219,8
DA:228,6
DA:237,1
LF:49
LH:47
BRDA:49,1,0,17
BRDA:49,1,1,2
BRDA:119,2,0,3
BRDA:119,2,1,1
BRDA:125,3,0,3
BRDA:125,3,1,0
BRDA:131,4,0,3
BRDA:131,4,1,0
BRDA:137,5,0,0
BRDA:137,5,1,3
BRDA:144,6,0,0
BRDA:144,6,1,3
BRDA:167,7,0,1
BRDA:167,7,1,1
BRDA:210,8,0,1
BRDA:210,8,1,0
BRF:16
BRH:11
end_of_record
TN:
SF:/home/shiva/playground/v3/diamond-dapp/backend/contracts/facets/MyEpicGame.sol
FNF:0
FNH:0
LF:0
LH:0
BRF:0
BRH:0
end_of_record
TN:
SF:/home/shiva/playground/v3/diamond-dapp/backend/contracts/facets/OwnershipFacet.sol
FN:8,transferOwnership
FN:13,owner
FNF:2
FNH:0
FNDA:0,transferOwnership
FNDA:0,owner
DA:9,0
DA:10,0
DA:14,0
LF:3
LH:0
BRF:0
BRH:0
end_of_record
TN:
SF:/home/shiva/playground/v3/diamond-dapp/backend/contracts/facets/StakeNFTFacet.sol
FN:49,stakeCharacter
FN:83,unStakeCharacter
FN:126,getStartTime
FNF:3
FNH:3
FNDA:2,stakeCharacter
FNDA:2,unStakeCharacter
FNDA:2,getStartTime
DA:51,2
DA:54,2
DA:55,2
DA:57,2
DA:58,2
DA:59,2
DA:61,2
DA:62,2
DA:65,2
DA:66,2
DA:68,2
DA:70,2
DA:72,2
DA:73,2
DA:75,2
DA:84,2
DA:88,2
DA:89,2
DA:90,2
DA:92,2
DA:94,2
DA:96,2
DA:98,2
DA:99,1
DA:102,2
DA:104,2
DA:121,2
DA:128,2
DA:129,2
DA:130,2
LF:30
LH:30
BRDA:54,1,0,2
BRDA:54,1,1,0
BRDA:57,2,0,2
BRDA:57,2,1,0
BRDA:59,3,0,2
BRDA:59,3,1,0
BRDA:73,4,0,2
BRDA:73,4,1,0
BRDA:89,5,0,2
BRDA:89,5,1,0
BRDA:90,6,0,2
BRDA:90,6,1,0
BRDA:98,7,0,1
BRDA:98,7,1,1
BRF:14
BRH:8
end_of_record
TN:
SF:/home/shiva/playground/v3/diamond-dapp/backend/contracts/interfaces/IDiamondCut.sol
FNF:0
FNH:0
LF:0
LH:0
BRF:0
BRH:0
end_of_record
TN:
SF:/home/shiva/playground/v3/diamond-dapp/backend/contracts/interfaces/IDiamondLoupe.sol
FNF:0
FNH:0
LF:0
LH:0
BRF:0
BRH:0
end_of_record
TN:
SF:/home/shiva/playground/v3/diamond-dapp/backend/contracts/interfaces/IERC165.sol
FNF:0
FNH:0
LF:0
LH:0
BRF:0
BRH:0
end_of_record
TN:
SF:/home/shiva/playground/v3/diamond-dapp/backend/contracts/interfaces/IERC173.sol
FNF:0
FNH:0
LF:0
LH:0
BRF:0
BRH:0
end_of_record
TN:
SF:/home/shiva/playground/v3/diamond-dapp/backend/contracts/interfaces/IERC721.sol
FNF:0
FNH:0
LF:0
LH:0
BRF:0
BRH:0
end_of_record
TN:
SF:/home/shiva/playground/v3/diamond-dapp/backend/contracts/libraries/Base64.sol
FN:18,encode
FNF:1
FNH:1
FNDA:1,encode
DA:19,1
DA:20,1
DA:23,1
DA:26,1
DA:28,1
DA:30,1
DA:76,1
LF:7
LH:7
BRDA:20,1,0,0
BRDA:20,1,1,1
BRF:2
BRH:1
end_of_record
TN:
SF:/home/shiva/playground/v3/diamond-dapp/backend/contracts/libraries/LibAppStorage.sol
FN:78,diamondStorage
FN:84,abs
FNF:2
FNH:1
FNDA:77,diamondStorage
FNDA:0,abs
DA:79,77
DA:85,0
LF:2
LH:1
BRF:0
BRH:0
end_of_record
TN:
SF:/home/shiva/playground/v3/diamond-dapp/backend/contracts/libraries/LibDiamond.sol
FN:27,diamondStorage
FN:36,setContractOwner
FN:43,contractOwner
FN:47,enforceIsContractOwner
FN:54,diamondCut
FN:75,addFunctions
FN:91,replaceFunctions
FN:108,removeFunctions
FN:132,initializeDiamondCut
FN:152,enforceHasContractCode
FNF:10
FNH:7
FNDA:31,diamondStorage
FNDA:3,setContractOwner
FNDA:0,contractOwner
FNDA:8,enforceIsContractOwner
FNDA:6,diamondCut
FNDA:7,addFunctions
FNDA:0,replaceFunctions
FNDA:0,removeFunctions
FNDA:6,initializeDiamondCut
FNDA:8,enforceHasContractCode
DA:28,31
DA:29,31
DA:37,3
DA:38,3
DA:39,3
DA:40,3
DA:44,0
DA:48,8
DA:59,6
DA:60,7
DA:61,7
DA:62,7
DA:64,0
DA:66,0
DA:68,0
DA:71,6
DA:72,6
DA:76,7
DA:77,7
DA:78,7
DA:79,7
DA:80,7
DA:81,7
DA:82,37
DA:83,37
DA:84,37
DA:85,37
DA:86,37
DA:87,37
DA:92,0
DA:93,0
DA:94,0
DA:95,0
DA:96,0
DA:97,0
DA:98,0
DA:100,0
DA:101,0
DA:102,0
DA:104,0
DA:109,0
DA:110,0
DA:111,0
DA:112,0
DA:113,0
DA:114,0
DA:115,0
DA:116,0
DA:118,0
DA:120,0
DA:121,0
DA:122,0
DA:123,0
DA:124,0
DA:127,0
DA:128,0
DA:133,6
DA:134,5
DA:136,1
DA:137,1
DA:138,1
DA:140,1
DA:141,1
DA:142,0
DA:144,0
DA:146,0
DA:153,8
DA:154,8
DA:157,8
LF:69
LH:35
BRDA:48,1,0,6
BRDA:48,1,1,2
BRDA:61,2,0,7
BRDA:61,2,1,0
BRDA:63,3,0,0
BRDA:63,3,1,0
BRDA:65,4,0,0
BRDA:65,4,1,0
BRDA:76,5,0,7
BRDA:76,5,1,0
BRDA:79,6,0,7
BRDA:79,6,1,0
BRDA:84,7,0,37
BRDA:84,7,1,0
BRDA:92,8,0,0
BRDA:92,8,1,0
BRDA:94,9,0,0
BRDA:94,9,1,0
BRDA:100,10,0,0
BRDA:100,10,1,0
BRDA:101,11,0,0
BRDA:101,11,1,0
BRDA:102,12,0,0
BRDA:102,12,1,0
BRDA:109,13,0,0
BRDA:109,13,1,0
BRDA:112,14,0,0
BRDA:112,14,1,0
BRDA:116,15,0,0
BRDA:116,15,1,0
BRDA:118,16,0,0
BRDA:118,16,1,0
BRDA:121,17,0,0
BRDA:121,17,1,0
BRDA:133,18,0,5
BRDA:133,18,1,1
BRDA:134,19,0,5
BRDA:134,19,1,0
BRDA:136,20,0,1
BRDA:136,20,1,0
BRDA:137,21,0,1
BRDA:137,21,1,0
BRDA:141,22,0,0
BRDA:141,22,1,1
BRDA:142,23,0,0
BRDA:142,23,1,0
BRDA:157,24,0,8
BRDA:157,24,1,0
BRF:48
BRH:13
end_of_record
TN:
SF:/home/shiva/playground/v3/diamond-dapp/backend/contracts/libraries/LibERC721.sol
FN:8,_tokenOfOwnerByIndex
FN:14,_balanceOf
FN:20,_ownerOf
FN:27,_tokensOfOwner
FN:42,isReserved
FN:63,getNFTHolders
FN:70,getNFTHolderAttributes
FNF:7
FNH:4
FNDA:0,_tokenOfOwnerByIndex
FNDA:25,_balanceOf
FNDA:37,_ownerOf
FNDA:0,_tokensOfOwner
FNDA:0,isReserved
FNDA:8,getNFTHolders
FNDA:6,getNFTHolderAttributes
DA:9,0
DA:10,0
DA:11,0
DA:15,25
DA:16,25
DA:17,25
DA:21,37
DA:22,37
DA:23,37
DA:24,37
DA:28,0
DA:29,0
DA:31,0
DA:33,0
DA:34,0
DA:35,0
DA:36,0
DA:38,0
DA:43,0
DA:44,0
DA:45,0
DA:57,0
DA:59,0
DA:65,8
DA:66,8
DA:72,6
DA:73,6
LF:27
LH:11
BRDA:10,1,0,0
BRDA:10,1,1,0
BRDA:16,2,0,25
BRDA:16,2,1,0
BRDA:23,3,0,37
BRDA:23,3,1,0
BRDA:29,4,0,0
BRDA:29,4,1,0
BRDA:45,5,0,0
BRDA:45,5,1,0
BRF:10
BRH:2
end_of_record
TN:
SF:/home/shiva/playground/v3/diamond-dapp/backend/contracts/libraries/LibMeta.sol
FN:5,msgSender
FN:9,checkContains
FNF:2
FNH:1
FNDA:6,msgSender
FNDA:0,checkContains
DA:6,6
DA:10,0
DA:11,0
DA:12,0
DA:15,0
LF:5
LH:1
BRDA:11,1,0,0
BRDA:11,1,1,0
BRF:2
BRH:0
end_of_record
TN:
SF:/home/shiva/playground/v3/diamond-dapp/backend/contracts/libraries/LibStakeStorage.sol
FN:18,diamondStorage
FNF:1
FNH:1
FNDA:6,diamondStorage
DA:20,6
DA:22,6
LF:2
LH:2
BRF:0
BRH:0
end_of_record
TN:
SF:/home/shiva/playground/v3/diamond-dapp/backend/contracts/tokens/ERC721Diamond.sol
FN:29,supportsInterface
FN:40,totalSupply
FN:44,tokenOfOwnerByIndex
FN:48,tokenByIndex
FN:53,balanceOf
FN:57,ownerOf
FN:61,tokenURI
FN:68,_baseURI
FN:72,approve
FN:87,getApproved
FN:93,setApprovalForAll
FN:100,isApprovedForAll
FN:104,transferFrom
FN:116,safeTransferFrom
FN:124,safeTransferFrom
FN:134,_safeTransfer
FN:144,_exists
FN:149,exists
FN:153,_isApprovedOrOwner
FN:166,_safeMint
FN:170,_safeMint
FN:182,_mint
FN:194,_burn
FN:207,_transfer
FN:227,_approve
FN:232,_checkOnERC721Received
FN:256,_beforeTokenTransfer
FN:273,_addTokenToOwnerEnumeration
FN:279,_addTokenToAllTokensEnumeration
FN:284,_removeTokenFromOwnerEnumeration
FN:299,_removeTokenFromAllTokensEnumeration
FNF:31
FNH:17
FNDA:0,supportsInterface
FNDA:0,totalSupply
FNDA:0,tokenOfOwnerByIndex
FNDA:0,tokenByIndex
FNDA:25,balanceOf
FNDA:37,ownerOf
FNDA:0,tokenURI
FNDA:0,_baseURI
FNDA:2,approve
FNDA:0,getApproved
FNDA:0,setApprovalForAll
FNDA:0,isApprovedForAll
FNDA:4,transferFrom
FNDA:0,safeTransferFrom
FNDA:0,safeTransferFrom
FNDA:0,_safeTransfer
FNDA:26,_exists
FNDA:5,exists
FNDA:4,_isApprovedOrOwner
FNDA:17,_safeMint
FNDA:17,_safeMint
FNDA:17,_mint
FNDA:0,_burn
FNDA:4,_transfer
FNDA:6,_approve
FNDA:17,_checkOnERC721Received
FNDA:21,_beforeTokenTransfer
FNDA:21,_addTokenToOwnerEnumeration
FNDA:17,_addTokenToAllTokensEnumeration
FNDA:4,_removeTokenFromOwnerEnumeration
FNDA:0,_removeTokenFromAllTokensEnumeration
DA:30,0
DA:41,0
DA:45,0
DA:49,0
DA:50,0
DA:54,25
DA:58,37
DA:62,0
DA:64,0
DA:65,0
DA:69,0
DA:73,2
DA:75,2
DA:78,2
DA:84,2
DA:88,0
DA:90,0
DA:94,0
DA:96,0
DA:97,0
DA:101,0
DA:111,4
DA:113,4
DA:121,0
DA:130,0
DA:131,0
DA:140,0
DA:141,0
DA:146,26
DA:150,5
DA:155,4
DA:156,4
DA:157,4
DA:159,4
DA:163,4
DA:167,17
DA:175,17
DA:176,17
DA:183,17
DA:184,17
DA:186,17
DA:188,17
DA:189,17
DA:191,17
DA:195,0
DA:197,0
DA:199,0
DA:201,0
DA:202,0
DA:204,0
DA:212,4
DA:213,4
DA:215,4
DA:217,4
DA:219,4
DA:220,4
DA:221,4
DA:223,4
DA:228,6
DA:229,6
DA:238,17
DA:239,0
DA:240,0
DA:242,0
DA:243,0
DA:245,0
DA:251,17
DA:261,21
DA:262,17
DA:264,4
DA:266,21
DA:267,0
DA:269,21
DA:274,21
DA:275,21
DA:276,21
DA:280,17
DA:281,17
DA:285,4
DA:286,4
DA:288,4
DA:289,3
DA:291,3
DA:292,3
DA:295,4
DA:296,4
DA:300,0
DA:301,0
DA:303,0
DA:305,0
DA:306,0
DA:308,0
DA:309,0
LF:93
LH:54
BRDA:49,1,0,0
BRDA:49,1,1,0
BRDA:62,2,0,0
BRDA:62,2,1,0
BRDA:75,3,0,2
BRDA:75,3,1,0
BRDA:78,4,0,2
BRDA:78,4,1,0
BRDA:88,5,0,0
BRDA:88,5,1,0
BRDA:94,6,0,0
BRDA:94,6,1,0
BRDA:111,7,0,4
BRDA:111,7,1,0
BRDA:130,8,0,0
BRDA:130,8,1,0
BRDA:141,9,0,0
BRDA:141,9,1,0
BRDA:157,10,0,4
BRDA:157,10,1,0
BRDA:176,11,0,17
BRDA:176,11,1,0
BRDA:183,12,0,17
BRDA:183,12,1,0
BRDA:184,13,0,17
BRDA:184,13,1,0
BRDA:212,14,0,4
BRDA:212,14,1,0
BRDA:213,15,0,4
BRDA:213,15,1,0
BRDA:238,16,0,0
BRDA:238,16,1,17
BRDA:242,17,0,0
BRDA:242,17,1,0
BRDA:261,18,0,17
BRDA:261,18,1,4
BRDA:263,19,0,4
BRDA:263,19,1,0
BRDA:266,20,0,0
BRDA:266,20,1,21
BRDA:268,21,0,21
BRDA:268,21,1,0
BRDA:288,22,0,3
BRDA:288,22,1,1
BRF:44
BRH:17
end_of_record
TN:
SF:/home/shiva/playground/v3/diamond-dapp/backend/contracts/upgradeInitializers/DiamondInit.sol
FN:26,init
FNF:1
FNH:1
FNDA:1,init
DA:36,1
DA:37,1
DA:38,1
DA:39,1
DA:40,1
DA:48,1
DA:49,1
DA:50,1
DA:51,1
DA:53,1
DA:61,1
DA:63,16
DA:75,1
DA:76,1
LF:14
LH:14
BRF:0
BRH:0
end_of_record
