TN:
SF:/home/shiva/playground/v3/diamond-nft-game/backend/contracts/Diamond.sol
FN:15,constructor
FN:32,
FNF:2
FNH:2
FNDA:3,constructor
FNDA:39,
DA:16,3
DA:19,3
DA:20,3
DA:21,3
DA:22,3
DA:27,3
DA:33,39
DA:34,39
DA:36,39
DA:40,39
DA:41,39
DA:43,39
LF:12
LH:12
BRDA:41,1,0,39
BRDA:41,1,1,0
BRF:2
BRH:1
end_of_record
TN:
SF:/home/shiva/playground/v3/diamond-nft-game/backend/contracts/facets/DiamondCutFacet.sol
FN:19,diamondCut
FNF:1
FNH:1
FNDA:2,diamondCut
DA:24,2
DA:25,2
LF:2
LH:2
BRF:0
BRH:0
end_of_record
TN:
SF:/home/shiva/playground/v3/diamond-nft-game/backend/contracts/facets/DiamondLoupeFacet.sol
FN:23,facets
FN:77,facetFunctionSelectors
FN:99,facetAddresses
FN:136,facetAddress
FN:142,supportsInterface
FNF:5
FNH:3
FNDA:0,facets
FNDA:4,facetFunctionSelectors
FNDA:1,facetAddresses
FNDA:4,facetAddress
FNDA:0,supportsInterface
DA:24,0
DA:25,0
DA:27,0
DA:29,0
DA:31,0
DA:33,0
DA:34,0
DA:35,0
DA:36,0
DA:38,0
DA:39,0
DA:40,0
DA:42,0
DA:43,0
DA:44,0
DA:45,0
DA:49,0
DA:50,0
DA:51,0
DA:54,0
DA:55,0
DA:56,0
DA:57,0
DA:58,0
DA:60,0
DA:61,0
DA:62,0
DA:64,0
DA:69,0
DA:78,4
DA:79,4
DA:80,4
DA:81,4
DA:83,4
DA:84,55
DA:85,55
DA:86,55
DA:87,31
DA:88,31
DA:92,4
DA:100,1
DA:101,1
DA:103,1
DA:104,1
DA:106,1
DA:107,8
DA:108,8
DA:109,8
DA:111,8
DA:112,14
DA:113,5
DA:114,5
DA:118,8
DA:119,5
DA:120,5
DA:123,3
DA:124,3
DA:127,1
DA:137,4
DA:138,4
DA:143,0
DA:144,0
LF:62
LH:31
BRDA:39,1,0,0
BRDA:39,1,1,0
BRDA:42,2,0,0
BRDA:42,2,1,0
BRDA:49,3,0,0
BRDA:49,3,1,0
BRDA:86,4,0,31
BRDA:86,4,1,24
BRDA:112,5,0,5
BRDA:112,5,1,9
BRDA:118,6,0,5
BRDA:118,6,1,3
BRF:12
BRH:6
end_of_record
TN:
SF:/home/shiva/playground/v3/diamond-nft-game/backend/contracts/facets/DynamicGameFacet.sol
FN:36,updateFee
FN:48,mintCharacterNFT
FN:82,tokenURI
FN:121,attackBoss
FN:166,checkIfUserHasNFT
FN:185,getBigBoss
FN:194,getAllDefaultCharacters
FN:204,withdraw
FN:215,nftHolders
FN:224,nftHolderAttributes
FN:233,totalTokens
FNF:11
FNH:11
FNDA:2,updateFee
FNDA:6,mintCharacterNFT
FNDA:1,tokenURI
FNDA:3,attackBoss
FNDA:2,checkIfUserHasNFT
FNDA:3,getBigBoss
FNDA:1,getAllDefaultCharacters
FNDA:2,withdraw
FNDA:1,nftHolders
FNDA:2,nftHolderAttributes
FNDA:1,totalTokens
DA:38,2
DA:39,1
DA:49,6
DA:50,4
DA:52,4
DA:54,4
DA:65,4
DA:67,4
DA:68,4
DA:70,4
DA:72,4
DA:84,1
DA:86,1
DA:87,1
DA:88,1
DA:92,1
DA:109,1
DA:113,1
DA:123,3
DA:124,3
DA:125,3
DA:126,3
DA:128,3
DA:134,2
DA:140,2
DA:141,0
DA:143,2
DA:147,2
DA:148,0
DA:150,2
DA:154,2
DA:155,2
DA:156,2
DA:169,2
DA:172,2
DA:173,1
DA:176,1
DA:177,1
DA:187,3
DA:196,1
DA:206,2
DA:207,1
DA:208,1
DA:217,1
DA:226,2
DA:235,1
LF:46
LH:44
BRDA:49,1,0,4
BRDA:49,1,1,2
BRDA:128,2,0,2
BRDA:128,2,1,1
BRDA:134,3,0,2
BRDA:134,3,1,0
BRDA:140,4,0,0
BRDA:140,4,1,2
BRDA:147,5,0,0
BRDA:147,5,1,2
BRDA:172,6,0,1
BRDA:172,6,1,1
BRDA:208,7,0,1
BRDA:208,7,1,0
BRF:14
BRH:10
end_of_record
TN:
SF:/home/shiva/playground/v3/diamond-nft-game/backend/contracts/facets/OwnershipFacet.sol
FN:8,transferOwnership
FN:13,owner
FNF:2
FNH:0
FNDA:0,transferOwnership
FNDA:0,owner
DA:9,0
DA:10,0
DA:14,0
LF:3
LH:0
BRF:0
BRH:0
end_of_record
TN:
SF:/home/shiva/playground/v3/diamond-nft-game/backend/contracts/interfaces/IDiamondCut.sol
FNF:0
FNH:0
LF:0
LH:0
BRF:0
BRH:0
end_of_record
TN:
SF:/home/shiva/playground/v3/diamond-nft-game/backend/contracts/interfaces/IDiamondLoupe.sol
FNF:0
FNH:0
LF:0
LH:0
BRF:0
BRH:0
end_of_record
TN:
SF:/home/shiva/playground/v3/diamond-nft-game/backend/contracts/interfaces/IERC165.sol
FNF:0
FNH:0
LF:0
LH:0
BRF:0
BRH:0
end_of_record
TN:
SF:/home/shiva/playground/v3/diamond-nft-game/backend/contracts/interfaces/IERC173.sol
FNF:0
FNH:0
LF:0
LH:0
BRF:0
BRH:0
end_of_record
TN:
SF:/home/shiva/playground/v3/diamond-nft-game/backend/contracts/interfaces/IERC721.sol
FNF:0
FNH:0
LF:0
LH:0
BRF:0
BRH:0
end_of_record
TN:
SF:/home/shiva/playground/v3/diamond-nft-game/backend/contracts/libraries/Base64.sol
FN:18,encode
FNF:1
FNH:1
FNDA:1,encode
DA:19,1
DA:20,1
DA:23,1
DA:26,1
DA:28,1
DA:30,1
DA:76,1
LF:7
LH:7
BRDA:20,1,0,0
BRDA:20,1,1,1
BRF:2
BRH:1
end_of_record
TN:
SF:/home/shiva/playground/v3/diamond-nft-game/backend/contracts/libraries/LibAppStorage.sol
FN:83,diamondStorage
FN:89,abs
FNF:2
FNH:1
FNDA:12,diamondStorage
FNDA:0,abs
DA:84,12
DA:90,0
LF:2
LH:1
BRF:0
BRH:0
end_of_record
TN:
SF:/home/shiva/playground/v3/diamond-nft-game/backend/contracts/libraries/LibDiamond.sol
FN:27,diamondStorage
FN:36,setContractOwner
FN:43,contractOwner
FN:47,enforceIsContractOwner
FN:54,diamondCut
FN:75,addFunctions
FN:91,replaceFunctions
FN:108,removeFunctions
FN:132,initializeDiamondCut
FN:152,enforceHasContractCode
FNF:10
FNH:7
FNDA:26,diamondStorage
FNDA:3,setContractOwner
FNDA:0,contractOwner
FNDA:7,enforceIsContractOwner
FNDA:5,diamondCut
FNDA:6,addFunctions
FNDA:0,replaceFunctions
FNDA:0,removeFunctions
FNDA:5,initializeDiamondCut
FNDA:7,enforceHasContractCode
DA:28,26
DA:29,26
DA:37,3
DA:38,3
DA:39,3
DA:40,3
DA:44,0
DA:48,7
DA:59,5
DA:60,6
DA:61,6
DA:62,6
DA:64,0
DA:66,0
DA:68,0
DA:71,5
DA:72,5
DA:76,6
DA:77,6
DA:78,6
DA:79,6
DA:80,6
DA:81,6
DA:82,33
DA:83,33
DA:84,33
DA:85,33
DA:86,33
DA:87,33
DA:92,0
DA:93,0
DA:94,0
DA:95,0
DA:96,0
DA:97,0
DA:98,0
DA:100,0
DA:101,0
DA:102,0
DA:104,0
DA:109,0
DA:110,0
DA:111,0
DA:112,0
DA:113,0
DA:114,0
DA:115,0
DA:116,0
DA:118,0
DA:120,0
DA:121,0
DA:122,0
DA:123,0
DA:124,0
DA:127,0
DA:128,0
DA:133,5
DA:134,4
DA:136,1
DA:137,1
DA:138,1
DA:140,1
DA:141,1
DA:142,0
DA:144,0
DA:146,0
DA:153,7
DA:154,7
DA:157,7
LF:69
LH:35
BRDA:48,1,0,5
BRDA:48,1,1,2
BRDA:61,2,0,6
BRDA:61,2,1,0
BRDA:63,3,0,0
BRDA:63,3,1,0
BRDA:65,4,0,0
BRDA:65,4,1,0
BRDA:76,5,0,6
BRDA:76,5,1,0
BRDA:79,6,0,6
BRDA:79,6,1,0
BRDA:84,7,0,33
BRDA:84,7,1,0
BRDA:92,8,0,0
BRDA:92,8,1,0
BRDA:94,9,0,0
BRDA:94,9,1,0
BRDA:100,10,0,0
BRDA:100,10,1,0
BRDA:101,11,0,0
BRDA:101,11,1,0
BRDA:102,12,0,0
BRDA:102,12,1,0
BRDA:109,13,0,0
BRDA:109,13,1,0
BRDA:112,14,0,0
BRDA:112,14,1,0
BRDA:116,15,0,0
BRDA:116,15,1,0
BRDA:118,16,0,0
BRDA:118,16,1,0
BRDA:121,17,0,0
BRDA:121,17,1,0
BRDA:133,18,0,4
BRDA:133,18,1,1
BRDA:134,19,0,4
BRDA:134,19,1,0
BRDA:136,20,0,1
BRDA:136,20,1,0
BRDA:137,21,0,1
BRDA:137,21,1,0
BRDA:141,22,0,0
BRDA:141,22,1,1
BRDA:142,23,0,0
BRDA:142,23,1,0
BRDA:157,24,0,7
BRDA:157,24,1,0
BRF:48
BRH:13
end_of_record
TN:
SF:/home/shiva/playground/v3/diamond-nft-game/backend/contracts/libraries/LibERC721.sol
FN:8,_tokenOfOwnerByIndex
FN:14,_balanceOf
FN:20,_ownerOf
FN:27,_tokensOfOwner
FN:42,isReserved
FN:63,getNFTHolders
FN:70,getNFTHolderAttributes
FNF:7
FNH:4
FNDA:0,_tokenOfOwnerByIndex
FNDA:4,_balanceOf
FNDA:4,_ownerOf
FNDA:0,_tokensOfOwner
FNDA:0,isReserved
FNDA:1,getNFTHolders
FNDA:2,getNFTHolderAttributes
DA:9,0
DA:10,0
DA:11,0
DA:15,4
DA:16,4
DA:17,4
DA:21,4
DA:22,4
DA:23,4
DA:24,4
DA:28,0
DA:29,0
DA:31,0
DA:33,0
DA:34,0
DA:35,0
DA:36,0
DA:38,0
DA:43,0
DA:44,0
DA:45,0
DA:57,0
DA:59,0
DA:65,1
DA:66,1
DA:72,2
DA:73,2
LF:27
LH:11
BRDA:10,1,0,0
BRDA:10,1,1,0
BRDA:16,2,0,4
BRDA:16,2,1,0
BRDA:23,3,0,4
BRDA:23,3,1,0
BRDA:29,4,0,0
BRDA:29,4,1,0
BRDA:45,5,0,0
BRDA:45,5,1,0
BRF:10
BRH:2
end_of_record
TN:
SF:/home/shiva/playground/v3/diamond-nft-game/backend/contracts/libraries/LibMeta.sol
FN:5,msgSender
FN:9,checkContains
FNF:2
FNH:0
FNDA:0,msgSender
FNDA:0,checkContains
DA:6,0
DA:10,0
DA:11,0
DA:12,0
DA:15,0
LF:5
LH:0
BRDA:11,1,0,0
BRDA:11,1,1,0
BRF:2
BRH:0
end_of_record
TN:
SF:/home/shiva/playground/v3/diamond-nft-game/backend/contracts/tokens/ERC721Diamond.sol
FN:26,supportsInterface
FN:37,totalSupply
FN:41,tokenOfOwnerByIndex
FN:45,tokenByIndex
FN:50,balanceOf
FN:54,ownerOf
FN:58,tokenURI
FN:65,_baseURI
FN:69,approve
FN:81,getApproved
FN:87,setApprovalForAll
FN:94,isApprovedForAll
FN:98,transferFrom
FN:109,safeTransferFrom
FN:117,safeTransferFrom
FN:127,_safeTransfer
FN:137,_exists
FN:141,_isApprovedOrOwner
FN:147,_safeMint
FN:151,_safeMint
FN:163,_mint
FN:175,_burn
FN:188,_transfer
FN:208,_approve
FN:213,_checkOnERC721Received
FN:237,_beforeTokenTransfer
FN:254,_addTokenToOwnerEnumeration
FN:260,_addTokenToAllTokensEnumeration
FN:265,_removeTokenFromOwnerEnumeration
FN:280,_removeTokenFromAllTokensEnumeration
FNF:30
FNH:10
FNDA:0,supportsInterface
FNDA:0,totalSupply
FNDA:0,tokenOfOwnerByIndex
FNDA:0,tokenByIndex
FNDA:4,balanceOf
FNDA:4,ownerOf
FNDA:0,tokenURI
FNDA:0,_baseURI
FNDA:0,approve
FNDA:0,getApproved
FNDA:0,setApprovalForAll
FNDA:0,isApprovedForAll
FNDA:0,transferFrom
FNDA:0,safeTransferFrom
FNDA:0,safeTransferFrom
FNDA:0,_safeTransfer
FNDA:4,_exists
FNDA:0,_isApprovedOrOwner
FNDA:4,_safeMint
FNDA:4,_safeMint
FNDA:4,_mint
FNDA:0,_burn
FNDA:0,_transfer
FNDA:0,_approve
FNDA:4,_checkOnERC721Received
FNDA:4,_beforeTokenTransfer
FNDA:4,_addTokenToOwnerEnumeration
FNDA:4,_addTokenToAllTokensEnumeration
FNDA:0,_removeTokenFromOwnerEnumeration
FNDA:0,_removeTokenFromAllTokensEnumeration
DA:27,0
DA:38,0
DA:42,0
DA:46,0
DA:47,0
DA:51,4
DA:55,4
DA:59,0
DA:61,0
DA:62,0
DA:66,0
DA:70,0
DA:71,0
DA:73,0
DA:78,0
DA:82,0
DA:84,0
DA:88,0
DA:90,0
DA:91,0
DA:95,0
DA:104,0
DA:106,0
DA:114,0
DA:123,0
DA:124,0
DA:133,0
DA:134,0
DA:138,4
DA:142,0
DA:143,0
DA:144,0
DA:148,4
DA:156,4
DA:157,4
DA:164,4
DA:165,4
DA:167,4
DA:169,4
DA:170,4
DA:172,4
DA:176,0
DA:178,0
DA:180,0
DA:182,0
DA:183,0
DA:185,0
DA:193,0
DA:194,0
DA:196,0
DA:198,0
DA:200,0
DA:201,0
DA:202,0
DA:204,0
DA:209,0
DA:210,0
DA:219,4
DA:220,0
DA:221,0
DA:223,0
DA:224,0
DA:226,0
DA:232,4
DA:242,4
DA:243,4
DA:245,0
DA:247,4
DA:248,0
DA:250,4
DA:255,4
DA:256,4
DA:257,4
DA:261,4
DA:262,4
DA:266,0
DA:267,0
DA:269,0
DA:270,0
DA:272,0
DA:273,0
DA:276,0
DA:277,0
DA:281,0
DA:282,0
DA:284,0
DA:286,0
DA:287,0
DA:289,0
DA:290,0
LF:90
LH:23
BRDA:46,1,0,0
BRDA:46,1,1,0
BRDA:59,2,0,0
BRDA:59,2,1,0
BRDA:71,3,0,0
BRDA:71,3,1,0
BRDA:73,4,0,0
BRDA:73,4,1,0
BRDA:82,5,0,0
BRDA:82,5,1,0
BRDA:88,6,0,0
BRDA:88,6,1,0
BRDA:104,7,0,0
BRDA:104,7,1,0
BRDA:123,8,0,0
BRDA:123,8,1,0
BRDA:134,9,0,0
BRDA:134,9,1,0
BRDA:142,10,0,0
BRDA:142,10,1,0
BRDA:157,11,0,4
BRDA:157,11,1,0
BRDA:164,12,0,4
BRDA:164,12,1,0
BRDA:165,13,0,4
BRDA:165,13,1,0
BRDA:193,14,0,0
BRDA:193,14,1,0
BRDA:194,15,0,0
BRDA:194,15,1,0
BRDA:219,16,0,0
BRDA:219,16,1,4
BRDA:223,17,0,0
BRDA:223,17,1,0
BRDA:242,18,0,4
BRDA:242,18,1,0
BRDA:244,19,0,0
BRDA:244,19,1,0
BRDA:247,20,0,0
BRDA:247,20,1,4
BRDA:249,21,0,4
BRDA:249,21,1,0
BRDA:269,22,0,0
BRDA:269,22,1,0
BRF:44
BRH:7
end_of_record
TN:
SF:/home/shiva/playground/v3/diamond-nft-game/backend/contracts/upgradeInitializers/DiamondInit.sol
FN:26,init
FNF:1
FNH:1
FNDA:1,init
DA:35,1
DA:36,1
DA:37,1
DA:38,1
DA:39,1
DA:47,1
DA:48,1
DA:49,1
DA:50,1
DA:52,1
DA:60,1
DA:62,3
DA:73,1
DA:74,1
LF:14
LH:14
BRF:0
BRH:0
end_of_record
